

Started GET "/users.html" for 127.0.0.1 at 2014-08-25 13:52:30 -0700

ActiveRecord::PendingMigrationError (

Migrations are pending. To resolve this issue, run:

	bin/rake db:migrate RAILS_ENV=development

):
  activerecord (4.1.1) lib/active_record/migration.rb:389:in `check_pending!'
  activerecord (4.1.1) lib/active_record/migration.rb:377:in `call'
  actionpack (4.1.1) lib/action_dispatch/middleware/callbacks.rb:29:in `block in call'
  activesupport (4.1.1) lib/active_support/callbacks.rb:82:in `run_callbacks'
  actionpack (4.1.1) lib/action_dispatch/middleware/callbacks.rb:27:in `call'
  actionpack (4.1.1) lib/action_dispatch/middleware/reloader.rb:73:in `call'
  actionpack (4.1.1) lib/action_dispatch/middleware/remote_ip.rb:76:in `call'
  actionpack (4.1.1) lib/action_dispatch/middleware/debug_exceptions.rb:17:in `call'
  actionpack (4.1.1) lib/action_dispatch/middleware/show_exceptions.rb:30:in `call'
  railties (4.1.1) lib/rails/rack/logger.rb:38:in `call_app'
  railties (4.1.1) lib/rails/rack/logger.rb:20:in `block in call'
  activesupport (4.1.1) lib/active_support/tagged_logging.rb:68:in `block in tagged'
  activesupport (4.1.1) lib/active_support/tagged_logging.rb:26:in `tagged'
  activesupport (4.1.1) lib/active_support/tagged_logging.rb:68:in `tagged'
  railties (4.1.1) lib/rails/rack/logger.rb:20:in `call'
  actionpack (4.1.1) lib/action_dispatch/middleware/request_id.rb:21:in `call'
  rack (1.5.2) lib/rack/methodoverride.rb:21:in `call'
  rack (1.5.2) lib/rack/runtime.rb:17:in `call'
  activesupport (4.1.1) lib/active_support/cache/strategy/local_cache_middleware.rb:26:in `call'
  rack (1.5.2) lib/rack/lock.rb:17:in `call'
  actionpack (4.1.1) lib/action_dispatch/middleware/static.rb:64:in `call'
  rack (1.5.2) lib/rack/sendfile.rb:112:in `call'
  railties (4.1.1) lib/rails/engine.rb:514:in `call'
  railties (4.1.1) lib/rails/application.rb:144:in `call'
  rack (1.5.2) lib/rack/lock.rb:17:in `call'
  rack (1.5.2) lib/rack/content_length.rb:14:in `call'
  rack (1.5.2) lib/rack/handler/webrick.rb:60:in `service'
  /Users/appacademy/.rbenv/versions/1.9.3-p545/lib/ruby/1.9.1/webrick/httpserver.rb:138:in `service'
  /Users/appacademy/.rbenv/versions/1.9.3-p545/lib/ruby/1.9.1/webrick/httpserver.rb:94:in `run'
  /Users/appacademy/.rbenv/versions/1.9.3-p545/lib/ruby/1.9.1/webrick/server.rb:191:in `block in start_thread'


  Rendered /Users/appacademy/.rbenv/versions/1.9.3-p545/lib/ruby/gems/1.9.1/gems/actionpack-4.1.1/lib/action_dispatch/middleware/templates/rescues/_source.erb (0.6ms)
  Rendered /Users/appacademy/.rbenv/versions/1.9.3-p545/lib/ruby/gems/1.9.1/gems/actionpack-4.1.1/lib/action_dispatch/middleware/templates/rescues/_trace.html.erb (0.9ms)
  Rendered /Users/appacademy/.rbenv/versions/1.9.3-p545/lib/ruby/gems/1.9.1/gems/actionpack-4.1.1/lib/action_dispatch/middleware/templates/rescues/_request_and_response.html.erb (0.8ms)
  Rendered /Users/appacademy/.rbenv/versions/1.9.3-p545/lib/ruby/gems/1.9.1/gems/actionpack-4.1.1/lib/action_dispatch/middleware/templates/rescues/diagnostics.erb within rescues/layout (20.4ms)
  [1m[36m (1.3ms)[0m  [1mCREATE TABLE "schema_migrations" ("version" varchar(255) NOT NULL) [0m
  [1m[35m (10.0ms)[0m  select sqlite_version(*)
  [1m[36m (1.5ms)[0m  [1mCREATE UNIQUE INDEX "unique_schema_migrations" ON "schema_migrations" ("version")[0m
  [1m[35mActiveRecord::SchemaMigration Load (0.2ms)[0m  SELECT "schema_migrations".* FROM "schema_migrations"
Migrating to CreateUsers (20140825202536)
  [1m[36m (0.2ms)[0m  [1mbegin transaction[0m
  [1m[35m (0.6ms)[0m  CREATE TABLE "users" ("id" INTEGER PRIMARY KEY AUTOINCREMENT NOT NULL, "created_at" datetime, "updated_at" datetime) 
  [1m[36mSQL (2.9ms)[0m  [1mINSERT INTO "schema_migrations" ("version") VALUES (?)[0m  [["version", "20140825202536"]]
  [1m[35m (1.1ms)[0m  commit transaction
  [1m[36mActiveRecord::SchemaMigration Load (0.1ms)[0m  [1mSELECT "schema_migrations".* FROM "schema_migrations"[0m


Started GET "/users.html" for 127.0.0.1 at 2014-08-25 13:53:40 -0700
  [1m[36mActiveRecord::SchemaMigration Load (0.2ms)[0m  [1mSELECT "schema_migrations".* FROM "schema_migrations"[0m

ActionController::RoutingError (uninitialized constant UserController):
  activesupport (4.1.1) lib/active_support/inflector/methods.rb:238:in `const_get'
  activesupport (4.1.1) lib/active_support/inflector/methods.rb:238:in `block in constantize'
  activesupport (4.1.1) lib/active_support/inflector/methods.rb:236:in `each'
  activesupport (4.1.1) lib/active_support/inflector/methods.rb:236:in `inject'
  activesupport (4.1.1) lib/active_support/inflector/methods.rb:236:in `constantize'
  actionpack (4.1.1) lib/action_dispatch/routing/route_set.rb:76:in `controller_reference'
  actionpack (4.1.1) lib/action_dispatch/routing/route_set.rb:66:in `controller'
  actionpack (4.1.1) lib/action_dispatch/routing/route_set.rb:44:in `call'
  actionpack (4.1.1) lib/action_dispatch/journey/router.rb:71:in `block in call'
  actionpack (4.1.1) lib/action_dispatch/journey/router.rb:59:in `each'
  actionpack (4.1.1) lib/action_dispatch/journey/router.rb:59:in `call'
  actionpack (4.1.1) lib/action_dispatch/routing/route_set.rb:676:in `call'
  rack (1.5.2) lib/rack/etag.rb:23:in `call'
  rack (1.5.2) lib/rack/conditionalget.rb:25:in `call'
  rack (1.5.2) lib/rack/head.rb:11:in `call'
  actionpack (4.1.1) lib/action_dispatch/middleware/params_parser.rb:27:in `call'
  actionpack (4.1.1) lib/action_dispatch/middleware/flash.rb:254:in `call'
  rack (1.5.2) lib/rack/session/abstract/id.rb:225:in `context'
  rack (1.5.2) lib/rack/session/abstract/id.rb:220:in `call'
  actionpack (4.1.1) lib/action_dispatch/middleware/cookies.rb:560:in `call'
  activerecord (4.1.1) lib/active_record/query_cache.rb:36:in `call'
  activerecord (4.1.1) lib/active_record/connection_adapters/abstract/connection_pool.rb:621:in `call'
  activerecord (4.1.1) lib/active_record/migration.rb:380:in `call'
  actionpack (4.1.1) lib/action_dispatch/middleware/callbacks.rb:29:in `block in call'
  activesupport (4.1.1) lib/active_support/callbacks.rb:82:in `run_callbacks'
  actionpack (4.1.1) lib/action_dispatch/middleware/callbacks.rb:27:in `call'
  actionpack (4.1.1) lib/action_dispatch/middleware/reloader.rb:73:in `call'
  actionpack (4.1.1) lib/action_dispatch/middleware/remote_ip.rb:76:in `call'
  actionpack (4.1.1) lib/action_dispatch/middleware/debug_exceptions.rb:17:in `call'
  actionpack (4.1.1) lib/action_dispatch/middleware/show_exceptions.rb:30:in `call'
  railties (4.1.1) lib/rails/rack/logger.rb:38:in `call_app'
  railties (4.1.1) lib/rails/rack/logger.rb:20:in `block in call'
  activesupport (4.1.1) lib/active_support/tagged_logging.rb:68:in `block in tagged'
  activesupport (4.1.1) lib/active_support/tagged_logging.rb:26:in `tagged'
  activesupport (4.1.1) lib/active_support/tagged_logging.rb:68:in `tagged'
  railties (4.1.1) lib/rails/rack/logger.rb:20:in `call'
  actionpack (4.1.1) lib/action_dispatch/middleware/request_id.rb:21:in `call'
  rack (1.5.2) lib/rack/methodoverride.rb:21:in `call'
  rack (1.5.2) lib/rack/runtime.rb:17:in `call'
  activesupport (4.1.1) lib/active_support/cache/strategy/local_cache_middleware.rb:26:in `call'
  rack (1.5.2) lib/rack/lock.rb:17:in `call'
  actionpack (4.1.1) lib/action_dispatch/middleware/static.rb:64:in `call'
  rack (1.5.2) lib/rack/sendfile.rb:112:in `call'
  railties (4.1.1) lib/rails/engine.rb:514:in `call'
  railties (4.1.1) lib/rails/application.rb:144:in `call'
  rack (1.5.2) lib/rack/lock.rb:17:in `call'
  rack (1.5.2) lib/rack/content_length.rb:14:in `call'
  rack (1.5.2) lib/rack/handler/webrick.rb:60:in `service'
  /Users/appacademy/.rbenv/versions/1.9.3-p545/lib/ruby/1.9.1/webrick/httpserver.rb:138:in `service'
  /Users/appacademy/.rbenv/versions/1.9.3-p545/lib/ruby/1.9.1/webrick/httpserver.rb:94:in `run'
  /Users/appacademy/.rbenv/versions/1.9.3-p545/lib/ruby/1.9.1/webrick/server.rb:191:in `block in start_thread'


  Rendered /Users/appacademy/.rbenv/versions/1.9.3-p545/lib/ruby/gems/1.9.1/gems/actionpack-4.1.1/lib/action_dispatch/middleware/templates/rescues/_trace.html.erb (1.1ms)
  Rendered /Users/appacademy/.rbenv/versions/1.9.3-p545/lib/ruby/gems/1.9.1/gems/actionpack-4.1.1/lib/action_dispatch/middleware/templates/routes/_route.html.erb (1.8ms)
  Rendered /Users/appacademy/.rbenv/versions/1.9.3-p545/lib/ruby/gems/1.9.1/gems/actionpack-4.1.1/lib/action_dispatch/middleware/templates/routes/_table.html.erb (29.4ms)
  Rendered /Users/appacademy/.rbenv/versions/1.9.3-p545/lib/ruby/gems/1.9.1/gems/actionpack-4.1.1/lib/action_dispatch/middleware/templates/rescues/routing_error.html.erb within rescues/layout (57.3ms)


Started GET "/users.html" for 127.0.0.1 at 2014-08-25 13:56:52 -0700
Processing by UsersController#index as HTML
Completed 500 Internal Server Error in 64ms

ActionView::MissingTemplate (Missing template users/index, application/index with {:locale=>[:en], :formats=>[:html], :variants=>[], :handlers=>[:erb, :builder, :raw, :ruby, :jbuilder, :coffee]}. Searched in:
  * "/Users/appacademy/Desktop/w4d1/test_proj/app/views"
):
  actionview (4.1.1) lib/action_view/path_set.rb:46:in `find'
  actionview (4.1.1) lib/action_view/lookup_context.rb:124:in `find'
  actionview (4.1.1) lib/action_view/renderer/abstract_renderer.rb:18:in `find_template'
  actionview (4.1.1) lib/action_view/renderer/template_renderer.rb:41:in `determine_template'
  actionview (4.1.1) lib/action_view/renderer/template_renderer.rb:8:in `render'
  actionview (4.1.1) lib/action_view/renderer/renderer.rb:42:in `render_template'
  actionview (4.1.1) lib/action_view/renderer/renderer.rb:23:in `render'
  actionview (4.1.1) lib/action_view/rendering.rb:99:in `_render_template'
  actionpack (4.1.1) lib/action_controller/metal/streaming.rb:217:in `_render_template'
  actionview (4.1.1) lib/action_view/rendering.rb:82:in `render_to_body'
  actionpack (4.1.1) lib/action_controller/metal/rendering.rb:32:in `render_to_body'
  actionpack (4.1.1) lib/action_controller/metal/renderers.rb:32:in `render_to_body'
  actionpack (4.1.1) lib/abstract_controller/rendering.rb:25:in `render'
  actionpack (4.1.1) lib/action_controller/metal/rendering.rb:16:in `render'
  actionpack (4.1.1) lib/action_controller/metal/instrumentation.rb:41:in `block (2 levels) in render'
  activesupport (4.1.1) lib/active_support/core_ext/benchmark.rb:12:in `block in ms'
  /Users/appacademy/.rbenv/versions/1.9.3-p545/lib/ruby/1.9.1/benchmark.rb:295:in `realtime'
  activesupport (4.1.1) lib/active_support/core_ext/benchmark.rb:12:in `ms'
  actionpack (4.1.1) lib/action_controller/metal/instrumentation.rb:41:in `block in render'
  actionpack (4.1.1) lib/action_controller/metal/instrumentation.rb:84:in `cleanup_view_runtime'
  activerecord (4.1.1) lib/active_record/railties/controller_runtime.rb:25:in `cleanup_view_runtime'
  actionpack (4.1.1) lib/action_controller/metal/instrumentation.rb:40:in `render'
  actionpack (4.1.1) lib/action_controller/metal/implicit_render.rb:10:in `default_render'
  actionpack (4.1.1) lib/action_controller/metal/implicit_render.rb:5:in `send_action'
  actionpack (4.1.1) lib/abstract_controller/base.rb:189:in `process_action'
  actionpack (4.1.1) lib/action_controller/metal/rendering.rb:10:in `process_action'
  actionpack (4.1.1) lib/abstract_controller/callbacks.rb:20:in `block in process_action'
  activesupport (4.1.1) lib/active_support/callbacks.rb:113:in `call'
  activesupport (4.1.1) lib/active_support/callbacks.rb:113:in `call'
  activesupport (4.1.1) lib/active_support/callbacks.rb:229:in `block in halting'
  activesupport (4.1.1) lib/active_support/callbacks.rb:166:in `call'
  activesupport (4.1.1) lib/active_support/callbacks.rb:166:in `block in halting'
  activesupport (4.1.1) lib/active_support/callbacks.rb:166:in `call'
  activesupport (4.1.1) lib/active_support/callbacks.rb:166:in `block in halting'
  activesupport (4.1.1) lib/active_support/callbacks.rb:86:in `call'
  activesupport (4.1.1) lib/active_support/callbacks.rb:86:in `run_callbacks'
  actionpack (4.1.1) lib/abstract_controller/callbacks.rb:19:in `process_action'
  actionpack (4.1.1) lib/action_controller/metal/rescue.rb:29:in `process_action'
  actionpack (4.1.1) lib/action_controller/metal/instrumentation.rb:31:in `block in process_action'
  activesupport (4.1.1) lib/active_support/notifications.rb:159:in `block in instrument'
  activesupport (4.1.1) lib/active_support/notifications/instrumenter.rb:20:in `instrument'
  activesupport (4.1.1) lib/active_support/notifications.rb:159:in `instrument'
  actionpack (4.1.1) lib/action_controller/metal/instrumentation.rb:30:in `process_action'
  actionpack (4.1.1) lib/action_controller/metal/params_wrapper.rb:250:in `process_action'
  activerecord (4.1.1) lib/active_record/railties/controller_runtime.rb:18:in `process_action'
  actionpack (4.1.1) lib/abstract_controller/base.rb:136:in `process'
  actionview (4.1.1) lib/action_view/rendering.rb:30:in `process'
  actionpack (4.1.1) lib/action_controller/metal.rb:195:in `dispatch'
  actionpack (4.1.1) lib/action_controller/metal/rack_delegation.rb:13:in `dispatch'
  actionpack (4.1.1) lib/action_controller/metal.rb:231:in `block in action'
  actionpack (4.1.1) lib/action_dispatch/routing/route_set.rb:80:in `call'
  actionpack (4.1.1) lib/action_dispatch/routing/route_set.rb:80:in `dispatch'
  actionpack (4.1.1) lib/action_dispatch/routing/route_set.rb:48:in `call'
  actionpack (4.1.1) lib/action_dispatch/journey/router.rb:71:in `block in call'
  actionpack (4.1.1) lib/action_dispatch/journey/router.rb:59:in `each'
  actionpack (4.1.1) lib/action_dispatch/journey/router.rb:59:in `call'
  actionpack (4.1.1) lib/action_dispatch/routing/route_set.rb:676:in `call'
  rack (1.5.2) lib/rack/etag.rb:23:in `call'
  rack (1.5.2) lib/rack/conditionalget.rb:25:in `call'
  rack (1.5.2) lib/rack/head.rb:11:in `call'
  actionpack (4.1.1) lib/action_dispatch/middleware/params_parser.rb:27:in `call'
  actionpack (4.1.1) lib/action_dispatch/middleware/flash.rb:254:in `call'
  rack (1.5.2) lib/rack/session/abstract/id.rb:225:in `context'
  rack (1.5.2) lib/rack/session/abstract/id.rb:220:in `call'
  actionpack (4.1.1) lib/action_dispatch/middleware/cookies.rb:560:in `call'
  activerecord (4.1.1) lib/active_record/query_cache.rb:36:in `call'
  activerecord (4.1.1) lib/active_record/connection_adapters/abstract/connection_pool.rb:621:in `call'
  activerecord (4.1.1) lib/active_record/migration.rb:380:in `call'
  actionpack (4.1.1) lib/action_dispatch/middleware/callbacks.rb:29:in `block in call'
  activesupport (4.1.1) lib/active_support/callbacks.rb:82:in `run_callbacks'
  actionpack (4.1.1) lib/action_dispatch/middleware/callbacks.rb:27:in `call'
  actionpack (4.1.1) lib/action_dispatch/middleware/reloader.rb:73:in `call'
  actionpack (4.1.1) lib/action_dispatch/middleware/remote_ip.rb:76:in `call'
  actionpack (4.1.1) lib/action_dispatch/middleware/debug_exceptions.rb:17:in `call'
  actionpack (4.1.1) lib/action_dispatch/middleware/show_exceptions.rb:30:in `call'
  railties (4.1.1) lib/rails/rack/logger.rb:38:in `call_app'
  railties (4.1.1) lib/rails/rack/logger.rb:20:in `block in call'
  activesupport (4.1.1) lib/active_support/tagged_logging.rb:68:in `block in tagged'
  activesupport (4.1.1) lib/active_support/tagged_logging.rb:26:in `tagged'
  activesupport (4.1.1) lib/active_support/tagged_logging.rb:68:in `tagged'
  railties (4.1.1) lib/rails/rack/logger.rb:20:in `call'
  actionpack (4.1.1) lib/action_dispatch/middleware/request_id.rb:21:in `call'
  rack (1.5.2) lib/rack/methodoverride.rb:21:in `call'
  rack (1.5.2) lib/rack/runtime.rb:17:in `call'
  activesupport (4.1.1) lib/active_support/cache/strategy/local_cache_middleware.rb:26:in `call'
  rack (1.5.2) lib/rack/lock.rb:17:in `call'
  actionpack (4.1.1) lib/action_dispatch/middleware/static.rb:64:in `call'
  rack (1.5.2) lib/rack/sendfile.rb:112:in `call'
  railties (4.1.1) lib/rails/engine.rb:514:in `call'
  railties (4.1.1) lib/rails/application.rb:144:in `call'
  rack (1.5.2) lib/rack/lock.rb:17:in `call'
  rack (1.5.2) lib/rack/content_length.rb:14:in `call'
  rack (1.5.2) lib/rack/handler/webrick.rb:60:in `service'
  /Users/appacademy/.rbenv/versions/1.9.3-p545/lib/ruby/1.9.1/webrick/httpserver.rb:138:in `service'
  /Users/appacademy/.rbenv/versions/1.9.3-p545/lib/ruby/1.9.1/webrick/httpserver.rb:94:in `run'
  /Users/appacademy/.rbenv/versions/1.9.3-p545/lib/ruby/1.9.1/webrick/server.rb:191:in `block in start_thread'


  Rendered /Users/appacademy/.rbenv/versions/1.9.3-p545/lib/ruby/gems/1.9.1/gems/actionpack-4.1.1/lib/action_dispatch/middleware/templates/rescues/missing_template.html.erb within rescues/layout (0.7ms)


Started GET "/users.html" for 127.0.0.1 at 2014-08-25 13:58:14 -0700
Processing by UsersController#index as HTML
  Rendered text template (0.0ms)
Completed 200 OK in 50ms (Views: 50.0ms | ActiveRecord: 0.0ms)
  [1m[36m (0.1ms)[0m  [1mbegin transaction[0m
  [1m[35mSQL (0.5ms)[0m  INSERT INTO "users" ("created_at", "updated_at") VALUES (?, ?)  [["created_at", "2014-08-25 21:01:13.771586"], ["updated_at", "2014-08-25 21:01:13.771586"]]
  [1m[36m (1.1ms)[0m  [1mcommit transaction[0m


Started GET "/users.html" for 127.0.0.1 at 2014-08-25 14:03:53 -0700
Processing by UsersController#index as HTML
  Rendered text template (0.0ms)
Completed 200 OK in 1ms (Views: 0.5ms | ActiveRecord: 0.0ms)


Started GET "/users/1.html" for 127.0.0.1 at 2014-08-25 14:05:59 -0700
Processing by UsersController#show as HTML
  Parameters: {"id"=>"1"}
  [1m[35mUser Load (0.2ms)[0m  SELECT  "users".* FROM "users"  WHERE "users"."id" = ? LIMIT 1  [["id", 1]]
Completed 200 OK in 6ms (Views: 2.6ms | ActiveRecord: 0.6ms)


Started POST "/users/" for 127.0.0.1 at 2014-08-25 14:10:39 -0700
Processing by UsersController#create as XML
  Parameters: {"id"=>"2"}
  Rendered text template (0.0ms)
Completed 200 OK in 1ms (Views: 0.5ms | ActiveRecord: 0.0ms)


Started POST "/users/" for 127.0.0.1 at 2014-08-25 14:11:26 -0700
Processing by UsersController#create as XML
  Parameters: {"id"=>"2"}
  Rendered text template (0.0ms)
Completed 500 Internal Server Error in 3ms

ArgumentError (When assigning attributes, you must pass a hash as an argument.):
  app/controllers/users_controller.rb:12:in `create'


  Rendered /Users/appacademy/.rbenv/versions/1.9.3-p545/lib/ruby/gems/1.9.1/gems/actionpack-4.1.1/lib/action_dispatch/middleware/templates/rescues/_source.erb (0.7ms)
  Rendered /Users/appacademy/.rbenv/versions/1.9.3-p545/lib/ruby/gems/1.9.1/gems/actionpack-4.1.1/lib/action_dispatch/middleware/templates/rescues/_trace.html.erb (1.0ms)
  Rendered /Users/appacademy/.rbenv/versions/1.9.3-p545/lib/ruby/gems/1.9.1/gems/actionpack-4.1.1/lib/action_dispatch/middleware/templates/rescues/_request_and_response.html.erb (0.9ms)
  Rendered /Users/appacademy/.rbenv/versions/1.9.3-p545/lib/ruby/gems/1.9.1/gems/actionpack-4.1.1/lib/action_dispatch/middleware/templates/rescues/diagnostics.erb within rescues/layout (16.3ms)


Started POST "/users/" for 127.0.0.1 at 2014-08-25 14:12:40 -0700
Processing by UsersController#create as XML
  Rendered text template (0.0ms)
  [1m[36m (0.0ms)[0m  [1mbegin transaction[0m
  [1m[35mSQL (1.6ms)[0m  INSERT INTO "users" ("created_at", "updated_at") VALUES (?, ?)  [["created_at", "2014-08-25 21:12:40.667572"], ["updated_at", "2014-08-25 21:12:40.667572"]]
  [1m[36m (5.7ms)[0m  [1mcommit transaction[0m
Completed 500 Internal Server Error in 19ms

AbstractController::DoubleRenderError (Render and/or redirect were called multiple times in this action. Please note that you may only call render OR redirect, and at most once per action. Also note that neither redirect nor render terminate execution of the action, so if you want to exit an action after redirecting, you need to do something like "redirect_to(...) and return".):
  app/controllers/users_controller.rb:13:in `create'


  Rendered /Users/appacademy/.rbenv/versions/1.9.3-p545/lib/ruby/gems/1.9.1/gems/actionpack-4.1.1/lib/action_dispatch/middleware/templates/rescues/_source.erb (0.6ms)
  Rendered /Users/appacademy/.rbenv/versions/1.9.3-p545/lib/ruby/gems/1.9.1/gems/actionpack-4.1.1/lib/action_dispatch/middleware/templates/rescues/_trace.html.erb (1.1ms)
  Rendered /Users/appacademy/.rbenv/versions/1.9.3-p545/lib/ruby/gems/1.9.1/gems/actionpack-4.1.1/lib/action_dispatch/middleware/templates/rescues/_request_and_response.html.erb (0.8ms)
  Rendered /Users/appacademy/.rbenv/versions/1.9.3-p545/lib/ruby/gems/1.9.1/gems/actionpack-4.1.1/lib/action_dispatch/middleware/templates/rescues/diagnostics.erb within rescues/layout (15.0ms)


Started POST "/users/" for 127.0.0.1 at 2014-08-25 14:13:05 -0700
Processing by UsersController#create as XML
  [1m[35m (0.0ms)[0m  begin transaction
  [1m[36mSQL (0.4ms)[0m  [1mINSERT INTO "users" ("created_at", "updated_at") VALUES (?, ?)[0m  [["created_at", "2014-08-25 21:13:05.655783"], ["updated_at", "2014-08-25 21:13:05.655783"]]
  [1m[35m (1.6ms)[0m  commit transaction
Completed 200 OK in 8ms (Views: 0.4ms | ActiveRecord: 2.4ms)


Started POST "/users/" for 127.0.0.1 at 2014-08-25 14:13:24 -0700
Processing by UsersController#create as XML
  [1m[36m (0.0ms)[0m  [1mbegin transaction[0m
  [1m[35mSQL (0.4ms)[0m  INSERT INTO "users" ("created_at", "updated_at") VALUES (?, ?)  [["created_at", "2014-08-25 21:13:24.576462"], ["updated_at", "2014-08-25 21:13:24.576462"]]
  [1m[36m (1.6ms)[0m  [1mcommit transaction[0m
Completed 200 OK in 33ms (Views: 0.4ms | ActiveRecord: 2.4ms)
  [1m[36mActiveRecord::SchemaMigration Load (0.1ms)[0m  [1mSELECT "schema_migrations".* FROM "schema_migrations"[0m
  [1m[35mActiveRecord::SchemaMigration Load (0.1ms)[0m  SELECT "schema_migrations".* FROM "schema_migrations"
Migrating to CreateUsers (20140825202536)
  [1m[36m (0.1ms)[0m  [1mbegin transaction[0m
  [1m[35m (0.5ms)[0m  DROP TABLE "users"
  [1m[36mSQL (1.4ms)[0m  [1mDELETE FROM "schema_migrations" WHERE "schema_migrations"."version" = '20140825202536'[0m
  [1m[35m (1.3ms)[0m  commit transaction
  [1m[36mActiveRecord::SchemaMigration Load (0.1ms)[0m  [1mSELECT "schema_migrations".* FROM "schema_migrations"[0m
  [1m[36mActiveRecord::SchemaMigration Load (0.1ms)[0m  [1mSELECT "schema_migrations".* FROM "schema_migrations"[0m
Migrating to CreateUsers (20140825202536)
  [1m[36mActiveRecord::SchemaMigration Load (0.1ms)[0m  [1mSELECT "schema_migrations".* FROM "schema_migrations"[0m
Migrating to CreateUsers (20140825202536)
  [1m[36mActiveRecord::SchemaMigration Load (0.1ms)[0m  [1mSELECT "schema_migrations".* FROM "schema_migrations"[0m
Migrating to CreateUsers (20140825202536)
  [1m[36mActiveRecord::SchemaMigration Load (0.1ms)[0m  [1mSELECT "schema_migrations".* FROM "schema_migrations"[0m
Migrating to CreateUsers (20140825202536)
  [1m[36mActiveRecord::SchemaMigration Load (0.1ms)[0m  [1mSELECT "schema_migrations".* FROM "schema_migrations"[0m
Migrating to CreateUsers (20140825202536)
  [1m[35m (0.1ms)[0m  begin transaction
  [1m[36m (0.6ms)[0m  [1mCREATE TABLE "users" ("id" INTEGER PRIMARY KEY AUTOINCREMENT NOT NULL, "name" varchar(255), "created_at" datetime, "updated_at" datetime) [0m
  [1m[35mSQL (18.2ms)[0m  INSERT INTO "schema_migrations" ("version") VALUES (?)  [["version", "20140825202536"]]
  [1m[36m (2.8ms)[0m  [1mcommit transaction[0m
  [1m[35mActiveRecord::SchemaMigration Load (0.2ms)[0m  SELECT "schema_migrations".* FROM "schema_migrations"


Started POST "/users/" for 127.0.0.1 at 2014-08-25 14:18:54 -0700
  [1m[35mActiveRecord::SchemaMigration Load (0.1ms)[0m  SELECT "schema_migrations".* FROM "schema_migrations"
Processing by UsersController#create as XML
  Parameters: {"name"=>"Coffee"}
  [1m[36m (0.1ms)[0m  [1mbegin transaction[0m
  [1m[35mSQL (0.4ms)[0m  INSERT INTO "users" ("created_at", "updated_at") VALUES (?, ?)  [["created_at", "2014-08-25 21:18:54.668500"], ["updated_at", "2014-08-25 21:18:54.668500"]]
  [1m[36m (1.7ms)[0m  [1mcommit transaction[0m
Completed 200 OK in 11ms (Views: 0.6ms | ActiveRecord: 2.6ms)


Started POST "/users/" for 127.0.0.1 at 2014-08-25 14:19:07 -0700
Processing by UsersController#create as XML
  Parameters: {"name"=>"Coffee"}
  [1m[35m (0.1ms)[0m  begin transaction
  [1m[36mSQL (0.3ms)[0m  [1mINSERT INTO "users" ("created_at", "updated_at") VALUES (?, ?)[0m  [["created_at", "2014-08-25 21:19:07.570273"], ["updated_at", "2014-08-25 21:19:07.570273"]]
  [1m[35m (1.9ms)[0m  commit transaction
Completed 200 OK in 4ms (Views: 0.4ms | ActiveRecord: 2.2ms)


Started POST "/users/" for 127.0.0.1 at 2014-08-25 14:19:23 -0700
Processing by UsersController#create as XML
  Parameters: {"name"=>"Coffee"}
  [1m[36m (0.1ms)[0m  [1mbegin transaction[0m
  [1m[35mSQL (0.2ms)[0m  INSERT INTO "users" ("created_at", "updated_at") VALUES (?, ?)  [["created_at", "2014-08-25 21:19:23.579868"], ["updated_at", "2014-08-25 21:19:23.579868"]]
  [1m[36m (1.8ms)[0m  [1mcommit transaction[0m
Completed 200 OK in 4ms (Views: 0.4ms | ActiveRecord: 2.1ms)


Started POST "/users/" for 127.0.0.1 at 2014-08-25 14:19:55 -0700
Processing by UsersController#create as XML
  Parameters: {"name"=>"Coffee"}
Completed 500 Internal Server Error in 2ms

ArgumentError (When assigning attributes, you must pass a hash as an argument.):
  app/controllers/users_controller.rb:11:in `create'


  Rendered /Users/appacademy/.rbenv/versions/1.9.3-p545/lib/ruby/gems/1.9.1/gems/actionpack-4.1.1/lib/action_dispatch/middleware/templates/rescues/_source.erb (0.6ms)
  Rendered /Users/appacademy/.rbenv/versions/1.9.3-p545/lib/ruby/gems/1.9.1/gems/actionpack-4.1.1/lib/action_dispatch/middleware/templates/rescues/_trace.html.erb (0.9ms)
  Rendered /Users/appacademy/.rbenv/versions/1.9.3-p545/lib/ruby/gems/1.9.1/gems/actionpack-4.1.1/lib/action_dispatch/middleware/templates/rescues/_request_and_response.html.erb (0.8ms)
  Rendered /Users/appacademy/.rbenv/versions/1.9.3-p545/lib/ruby/gems/1.9.1/gems/actionpack-4.1.1/lib/action_dispatch/middleware/templates/rescues/diagnostics.erb within rescues/layout (16.7ms)


Started POST "/users/" for 127.0.0.1 at 2014-08-25 14:20:18 -0700
Processing by UsersController#create as XML
  Parameters: {"name"=>"Coffee"}
Completed 500 Internal Server Error in 1ms

ArgumentError (When assigning attributes, you must pass a hash as an argument.):
  app/controllers/users_controller.rb:11:in `create'


  Rendered /Users/appacademy/.rbenv/versions/1.9.3-p545/lib/ruby/gems/1.9.1/gems/actionpack-4.1.1/lib/action_dispatch/middleware/templates/rescues/_source.erb (0.6ms)
  Rendered /Users/appacademy/.rbenv/versions/1.9.3-p545/lib/ruby/gems/1.9.1/gems/actionpack-4.1.1/lib/action_dispatch/middleware/templates/rescues/_trace.html.erb (1.0ms)
  Rendered /Users/appacademy/.rbenv/versions/1.9.3-p545/lib/ruby/gems/1.9.1/gems/actionpack-4.1.1/lib/action_dispatch/middleware/templates/rescues/_request_and_response.html.erb (0.9ms)
  Rendered /Users/appacademy/.rbenv/versions/1.9.3-p545/lib/ruby/gems/1.9.1/gems/actionpack-4.1.1/lib/action_dispatch/middleware/templates/rescues/diagnostics.erb within rescues/layout (14.1ms)


Started POST "/users/" for 127.0.0.1 at 2014-08-25 14:20:43 -0700
Processing by UsersController#create as XML
  Parameters: {"name"=>"Coffee"}
Completed 500 Internal Server Error in 2ms

ArgumentError (When assigning attributes, you must pass a hash as an argument.):
  app/controllers/users_controller.rb:11:in `create'


  Rendered /Users/appacademy/.rbenv/versions/1.9.3-p545/lib/ruby/gems/1.9.1/gems/actionpack-4.1.1/lib/action_dispatch/middleware/templates/rescues/_source.erb (0.5ms)
  Rendered /Users/appacademy/.rbenv/versions/1.9.3-p545/lib/ruby/gems/1.9.1/gems/actionpack-4.1.1/lib/action_dispatch/middleware/templates/rescues/_trace.html.erb (1.0ms)
  Rendered /Users/appacademy/.rbenv/versions/1.9.3-p545/lib/ruby/gems/1.9.1/gems/actionpack-4.1.1/lib/action_dispatch/middleware/templates/rescues/_request_and_response.html.erb (1.0ms)
  Rendered /Users/appacademy/.rbenv/versions/1.9.3-p545/lib/ruby/gems/1.9.1/gems/actionpack-4.1.1/lib/action_dispatch/middleware/templates/rescues/diagnostics.erb within rescues/layout (14.4ms)


Started POST "/users/" for 127.0.0.1 at 2014-08-25 14:21:06 -0700
Processing by UsersController#create as XML
  Parameters: {"name"=>"Coffee"}
Completed 500 Internal Server Error in 1ms

NoMethodError (undefined method `[]' for nil:NilClass):
  app/controllers/users_controller.rb:11:in `create'


  Rendered /Users/appacademy/.rbenv/versions/1.9.3-p545/lib/ruby/gems/1.9.1/gems/actionpack-4.1.1/lib/action_dispatch/middleware/templates/rescues/_source.erb (0.6ms)
  Rendered /Users/appacademy/.rbenv/versions/1.9.3-p545/lib/ruby/gems/1.9.1/gems/actionpack-4.1.1/lib/action_dispatch/middleware/templates/rescues/_trace.html.erb (1.0ms)
  Rendered /Users/appacademy/.rbenv/versions/1.9.3-p545/lib/ruby/gems/1.9.1/gems/actionpack-4.1.1/lib/action_dispatch/middleware/templates/rescues/_request_and_response.html.erb (0.8ms)
  Rendered /Users/appacademy/.rbenv/versions/1.9.3-p545/lib/ruby/gems/1.9.1/gems/actionpack-4.1.1/lib/action_dispatch/middleware/templates/rescues/diagnostics.erb within rescues/layout (13.9ms)
  [1m[36m (0.2ms)[0m  [1mbegin transaction[0m
  [1m[35m (0.1ms)[0m  rollback transaction
  [1m[36m (0.1ms)[0m  [1mbegin transaction[0m
  [1m[35mSQL (0.6ms)[0m  INSERT INTO "users" ("created_at", "name", "updated_at") VALUES (?, ?, ?)  [["created_at", "2014-08-25 21:22:58.313648"], ["name", "Coffee"], ["updated_at", "2014-08-25 21:22:58.313648"]]
  [1m[36m (1.3ms)[0m  [1mcommit transaction[0m
  [1m[35m (0.1ms)[0m  begin transaction
  [1m[36mSQL (0.4ms)[0m  [1mINSERT INTO "users" ("created_at", "name", "updated_at") VALUES (?, ?, ?)[0m  [["created_at", "2014-08-25 21:23:02.928741"], ["name", "Chrome"], ["updated_at", "2014-08-25 21:23:02.928741"]]
  [1m[35m (1.9ms)[0m  commit transaction
  [1m[36m (0.1ms)[0m  [1mbegin transaction[0m
  [1m[35mSQL (0.4ms)[0m  INSERT INTO "users" ("created_at", "name", "updated_at") VALUES (?, ?, ?)  [["created_at", "2014-08-25 21:23:06.392436"], ["name", "Textmate"], ["updated_at", "2014-08-25 21:23:06.392436"]]
  [1m[36m (5.7ms)[0m  [1mcommit transaction[0m
  [1m[35m (0.1ms)[0m  begin transaction
  [1m[36mSQL (0.3ms)[0m  [1mINSERT INTO "users" ("created_at", "name", "updated_at") VALUES (?, ?, ?)[0m  [["created_at", "2014-08-25 21:23:09.759764"], ["name", "Finder"], ["updated_at", "2014-08-25 21:23:09.759764"]]
  [1m[35m (5.6ms)[0m  commit transaction


Started GET "/users/?name=Coffee" for 127.0.0.1 at 2014-08-25 14:25:13 -0700

SyntaxError (/Users/appacademy/Desktop/w4d1/test_proj/app/controllers/users_controller.rb:11: syntax error, unexpected ')', expecting ']'):
  activesupport (4.1.1) lib/active_support/dependencies.rb:443:in `load'
  activesupport (4.1.1) lib/active_support/dependencies.rb:443:in `block in load_file'
  activesupport (4.1.1) lib/active_support/dependencies.rb:633:in `new_constants_in'
  activesupport (4.1.1) lib/active_support/dependencies.rb:442:in `load_file'
  activesupport (4.1.1) lib/active_support/dependencies.rb:342:in `require_or_load'
  activesupport (4.1.1) lib/active_support/dependencies.rb:480:in `load_missing_constant'
  activesupport (4.1.1) lib/active_support/dependencies.rb:180:in `const_missing'
  activesupport (4.1.1) lib/active_support/inflector/methods.rb:238:in `const_get'
  activesupport (4.1.1) lib/active_support/inflector/methods.rb:238:in `block in constantize'
  activesupport (4.1.1) lib/active_support/inflector/methods.rb:236:in `each'
  activesupport (4.1.1) lib/active_support/inflector/methods.rb:236:in `inject'
  activesupport (4.1.1) lib/active_support/inflector/methods.rb:236:in `constantize'
  activesupport (4.1.1) lib/active_support/dependencies.rb:552:in `get'
  activesupport (4.1.1) lib/active_support/dependencies.rb:583:in `constantize'
  actionpack (4.1.1) lib/action_dispatch/routing/route_set.rb:76:in `controller_reference'
  actionpack (4.1.1) lib/action_dispatch/routing/route_set.rb:66:in `controller'
  actionpack (4.1.1) lib/action_dispatch/routing/route_set.rb:44:in `call'
  actionpack (4.1.1) lib/action_dispatch/journey/router.rb:71:in `block in call'
  actionpack (4.1.1) lib/action_dispatch/journey/router.rb:59:in `each'
  actionpack (4.1.1) lib/action_dispatch/journey/router.rb:59:in `call'
  actionpack (4.1.1) lib/action_dispatch/routing/route_set.rb:676:in `call'
  rack (1.5.2) lib/rack/etag.rb:23:in `call'
  rack (1.5.2) lib/rack/conditionalget.rb:25:in `call'
  rack (1.5.2) lib/rack/head.rb:11:in `call'
  actionpack (4.1.1) lib/action_dispatch/middleware/params_parser.rb:27:in `call'
  actionpack (4.1.1) lib/action_dispatch/middleware/flash.rb:254:in `call'
  rack (1.5.2) lib/rack/session/abstract/id.rb:225:in `context'
  rack (1.5.2) lib/rack/session/abstract/id.rb:220:in `call'
  actionpack (4.1.1) lib/action_dispatch/middleware/cookies.rb:560:in `call'
  activerecord (4.1.1) lib/active_record/query_cache.rb:36:in `call'
  activerecord (4.1.1) lib/active_record/connection_adapters/abstract/connection_pool.rb:621:in `call'
  activerecord (4.1.1) lib/active_record/migration.rb:380:in `call'
  actionpack (4.1.1) lib/action_dispatch/middleware/callbacks.rb:29:in `block in call'
  activesupport (4.1.1) lib/active_support/callbacks.rb:82:in `run_callbacks'
  actionpack (4.1.1) lib/action_dispatch/middleware/callbacks.rb:27:in `call'
  actionpack (4.1.1) lib/action_dispatch/middleware/reloader.rb:73:in `call'
  actionpack (4.1.1) lib/action_dispatch/middleware/remote_ip.rb:76:in `call'
  actionpack (4.1.1) lib/action_dispatch/middleware/debug_exceptions.rb:17:in `call'
  actionpack (4.1.1) lib/action_dispatch/middleware/show_exceptions.rb:30:in `call'
  railties (4.1.1) lib/rails/rack/logger.rb:38:in `call_app'
  railties (4.1.1) lib/rails/rack/logger.rb:20:in `block in call'
  activesupport (4.1.1) lib/active_support/tagged_logging.rb:68:in `block in tagged'
  activesupport (4.1.1) lib/active_support/tagged_logging.rb:26:in `tagged'
  activesupport (4.1.1) lib/active_support/tagged_logging.rb:68:in `tagged'
  railties (4.1.1) lib/rails/rack/logger.rb:20:in `call'
  actionpack (4.1.1) lib/action_dispatch/middleware/request_id.rb:21:in `call'
  rack (1.5.2) lib/rack/methodoverride.rb:21:in `call'
  rack (1.5.2) lib/rack/runtime.rb:17:in `call'
  activesupport (4.1.1) lib/active_support/cache/strategy/local_cache_middleware.rb:26:in `call'
  rack (1.5.2) lib/rack/lock.rb:17:in `call'
  actionpack (4.1.1) lib/action_dispatch/middleware/static.rb:64:in `call'
  rack (1.5.2) lib/rack/sendfile.rb:112:in `call'
  railties (4.1.1) lib/rails/engine.rb:514:in `call'
  railties (4.1.1) lib/rails/application.rb:144:in `call'
  rack (1.5.2) lib/rack/lock.rb:17:in `call'
  rack (1.5.2) lib/rack/content_length.rb:14:in `call'
  rack (1.5.2) lib/rack/handler/webrick.rb:60:in `service'
  /Users/appacademy/.rbenv/versions/1.9.3-p545/lib/ruby/1.9.1/webrick/httpserver.rb:138:in `service'
  /Users/appacademy/.rbenv/versions/1.9.3-p545/lib/ruby/1.9.1/webrick/httpserver.rb:94:in `run'
  /Users/appacademy/.rbenv/versions/1.9.3-p545/lib/ruby/1.9.1/webrick/server.rb:191:in `block in start_thread'


  Rendered /Users/appacademy/.rbenv/versions/1.9.3-p545/lib/ruby/gems/1.9.1/gems/actionpack-4.1.1/lib/action_dispatch/middleware/templates/rescues/_source.erb (0.5ms)
  Rendered /Users/appacademy/.rbenv/versions/1.9.3-p545/lib/ruby/gems/1.9.1/gems/actionpack-4.1.1/lib/action_dispatch/middleware/templates/rescues/_trace.html.erb (0.9ms)
  Rendered /Users/appacademy/.rbenv/versions/1.9.3-p545/lib/ruby/gems/1.9.1/gems/actionpack-4.1.1/lib/action_dispatch/middleware/templates/rescues/_request_and_response.html.erb (0.9ms)
  Rendered /Users/appacademy/.rbenv/versions/1.9.3-p545/lib/ruby/gems/1.9.1/gems/actionpack-4.1.1/lib/action_dispatch/middleware/templates/rescues/diagnostics.erb within rescues/layout (14.4ms)


Started GET "/users/5.json?name=Coffee" for 127.0.0.1 at 2014-08-25 14:25:57 -0700

SyntaxError (/Users/appacademy/Desktop/w4d1/test_proj/app/controllers/users_controller.rb:11: syntax error, unexpected ')', expecting ']'):
  activesupport (4.1.1) lib/active_support/dependencies.rb:443:in `load'
  activesupport (4.1.1) lib/active_support/dependencies.rb:443:in `block in load_file'
  activesupport (4.1.1) lib/active_support/dependencies.rb:633:in `new_constants_in'
  activesupport (4.1.1) lib/active_support/dependencies.rb:442:in `load_file'
  activesupport (4.1.1) lib/active_support/dependencies.rb:342:in `require_or_load'
  activesupport (4.1.1) lib/active_support/dependencies.rb:480:in `load_missing_constant'
  activesupport (4.1.1) lib/active_support/dependencies.rb:180:in `const_missing'
  activesupport (4.1.1) lib/active_support/inflector/methods.rb:238:in `const_get'
  activesupport (4.1.1) lib/active_support/inflector/methods.rb:238:in `block in constantize'
  activesupport (4.1.1) lib/active_support/inflector/methods.rb:236:in `each'
  activesupport (4.1.1) lib/active_support/inflector/methods.rb:236:in `inject'
  activesupport (4.1.1) lib/active_support/inflector/methods.rb:236:in `constantize'
  activesupport (4.1.1) lib/active_support/dependencies.rb:552:in `get'
  activesupport (4.1.1) lib/active_support/dependencies.rb:583:in `constantize'
  actionpack (4.1.1) lib/action_dispatch/routing/route_set.rb:76:in `controller_reference'
  actionpack (4.1.1) lib/action_dispatch/routing/route_set.rb:66:in `controller'
  actionpack (4.1.1) lib/action_dispatch/routing/route_set.rb:44:in `call'
  actionpack (4.1.1) lib/action_dispatch/journey/router.rb:71:in `block in call'
  actionpack (4.1.1) lib/action_dispatch/journey/router.rb:59:in `each'
  actionpack (4.1.1) lib/action_dispatch/journey/router.rb:59:in `call'
  actionpack (4.1.1) lib/action_dispatch/routing/route_set.rb:676:in `call'
  rack (1.5.2) lib/rack/etag.rb:23:in `call'
  rack (1.5.2) lib/rack/conditionalget.rb:25:in `call'
  rack (1.5.2) lib/rack/head.rb:11:in `call'
  actionpack (4.1.1) lib/action_dispatch/middleware/params_parser.rb:27:in `call'
  actionpack (4.1.1) lib/action_dispatch/middleware/flash.rb:254:in `call'
  rack (1.5.2) lib/rack/session/abstract/id.rb:225:in `context'
  rack (1.5.2) lib/rack/session/abstract/id.rb:220:in `call'
  actionpack (4.1.1) lib/action_dispatch/middleware/cookies.rb:560:in `call'
  activerecord (4.1.1) lib/active_record/query_cache.rb:36:in `call'
  activerecord (4.1.1) lib/active_record/connection_adapters/abstract/connection_pool.rb:621:in `call'
  activerecord (4.1.1) lib/active_record/migration.rb:380:in `call'
  actionpack (4.1.1) lib/action_dispatch/middleware/callbacks.rb:29:in `block in call'
  activesupport (4.1.1) lib/active_support/callbacks.rb:82:in `run_callbacks'
  actionpack (4.1.1) lib/action_dispatch/middleware/callbacks.rb:27:in `call'
  actionpack (4.1.1) lib/action_dispatch/middleware/reloader.rb:73:in `call'
  actionpack (4.1.1) lib/action_dispatch/middleware/remote_ip.rb:76:in `call'
  actionpack (4.1.1) lib/action_dispatch/middleware/debug_exceptions.rb:17:in `call'
  actionpack (4.1.1) lib/action_dispatch/middleware/show_exceptions.rb:30:in `call'
  railties (4.1.1) lib/rails/rack/logger.rb:38:in `call_app'
  railties (4.1.1) lib/rails/rack/logger.rb:20:in `block in call'
  activesupport (4.1.1) lib/active_support/tagged_logging.rb:68:in `block in tagged'
  activesupport (4.1.1) lib/active_support/tagged_logging.rb:26:in `tagged'
  activesupport (4.1.1) lib/active_support/tagged_logging.rb:68:in `tagged'
  railties (4.1.1) lib/rails/rack/logger.rb:20:in `call'
  actionpack (4.1.1) lib/action_dispatch/middleware/request_id.rb:21:in `call'
  rack (1.5.2) lib/rack/methodoverride.rb:21:in `call'
  rack (1.5.2) lib/rack/runtime.rb:17:in `call'
  activesupport (4.1.1) lib/active_support/cache/strategy/local_cache_middleware.rb:26:in `call'
  rack (1.5.2) lib/rack/lock.rb:17:in `call'
  actionpack (4.1.1) lib/action_dispatch/middleware/static.rb:64:in `call'
  rack (1.5.2) lib/rack/sendfile.rb:112:in `call'
  railties (4.1.1) lib/rails/engine.rb:514:in `call'
  railties (4.1.1) lib/rails/application.rb:144:in `call'
  rack (1.5.2) lib/rack/lock.rb:17:in `call'
  rack (1.5.2) lib/rack/content_length.rb:14:in `call'
  rack (1.5.2) lib/rack/handler/webrick.rb:60:in `service'
  /Users/appacademy/.rbenv/versions/1.9.3-p545/lib/ruby/1.9.1/webrick/httpserver.rb:138:in `service'
  /Users/appacademy/.rbenv/versions/1.9.3-p545/lib/ruby/1.9.1/webrick/httpserver.rb:94:in `run'
  /Users/appacademy/.rbenv/versions/1.9.3-p545/lib/ruby/1.9.1/webrick/server.rb:191:in `block in start_thread'


  Rendered /Users/appacademy/.rbenv/versions/1.9.3-p545/lib/ruby/gems/1.9.1/gems/actionpack-4.1.1/lib/action_dispatch/middleware/templates/rescues/_source.erb (0.4ms)
  Rendered /Users/appacademy/.rbenv/versions/1.9.3-p545/lib/ruby/gems/1.9.1/gems/actionpack-4.1.1/lib/action_dispatch/middleware/templates/rescues/_trace.html.erb (0.9ms)
  Rendered /Users/appacademy/.rbenv/versions/1.9.3-p545/lib/ruby/gems/1.9.1/gems/actionpack-4.1.1/lib/action_dispatch/middleware/templates/rescues/_request_and_response.html.erb (0.9ms)
  Rendered /Users/appacademy/.rbenv/versions/1.9.3-p545/lib/ruby/gems/1.9.1/gems/actionpack-4.1.1/lib/action_dispatch/middleware/templates/rescues/diagnostics.erb within rescues/layout (13.9ms)
  [1m[36mUser Load (2.1ms)[0m  [1mSELECT "users".* FROM "users"[0m


Started GET "/users/5.json?name=Chrome" for 127.0.0.1 at 2014-08-25 14:26:25 -0700

SyntaxError (/Users/appacademy/Desktop/w4d1/test_proj/app/controllers/users_controller.rb:11: syntax error, unexpected ')', expecting ']'):
  activesupport (4.1.1) lib/active_support/dependencies.rb:443:in `load'
  activesupport (4.1.1) lib/active_support/dependencies.rb:443:in `block in load_file'
  activesupport (4.1.1) lib/active_support/dependencies.rb:633:in `new_constants_in'
  activesupport (4.1.1) lib/active_support/dependencies.rb:442:in `load_file'
  activesupport (4.1.1) lib/active_support/dependencies.rb:342:in `require_or_load'
  activesupport (4.1.1) lib/active_support/dependencies.rb:480:in `load_missing_constant'
  activesupport (4.1.1) lib/active_support/dependencies.rb:180:in `const_missing'
  activesupport (4.1.1) lib/active_support/inflector/methods.rb:238:in `const_get'
  activesupport (4.1.1) lib/active_support/inflector/methods.rb:238:in `block in constantize'
  activesupport (4.1.1) lib/active_support/inflector/methods.rb:236:in `each'
  activesupport (4.1.1) lib/active_support/inflector/methods.rb:236:in `inject'
  activesupport (4.1.1) lib/active_support/inflector/methods.rb:236:in `constantize'
  activesupport (4.1.1) lib/active_support/dependencies.rb:552:in `get'
  activesupport (4.1.1) lib/active_support/dependencies.rb:583:in `constantize'
  actionpack (4.1.1) lib/action_dispatch/routing/route_set.rb:76:in `controller_reference'
  actionpack (4.1.1) lib/action_dispatch/routing/route_set.rb:66:in `controller'
  actionpack (4.1.1) lib/action_dispatch/routing/route_set.rb:44:in `call'
  actionpack (4.1.1) lib/action_dispatch/journey/router.rb:71:in `block in call'
  actionpack (4.1.1) lib/action_dispatch/journey/router.rb:59:in `each'
  actionpack (4.1.1) lib/action_dispatch/journey/router.rb:59:in `call'
  actionpack (4.1.1) lib/action_dispatch/routing/route_set.rb:676:in `call'
  rack (1.5.2) lib/rack/etag.rb:23:in `call'
  rack (1.5.2) lib/rack/conditionalget.rb:25:in `call'
  rack (1.5.2) lib/rack/head.rb:11:in `call'
  actionpack (4.1.1) lib/action_dispatch/middleware/params_parser.rb:27:in `call'
  actionpack (4.1.1) lib/action_dispatch/middleware/flash.rb:254:in `call'
  rack (1.5.2) lib/rack/session/abstract/id.rb:225:in `context'
  rack (1.5.2) lib/rack/session/abstract/id.rb:220:in `call'
  actionpack (4.1.1) lib/action_dispatch/middleware/cookies.rb:560:in `call'
  activerecord (4.1.1) lib/active_record/query_cache.rb:36:in `call'
  activerecord (4.1.1) lib/active_record/connection_adapters/abstract/connection_pool.rb:621:in `call'
  activerecord (4.1.1) lib/active_record/migration.rb:380:in `call'
  actionpack (4.1.1) lib/action_dispatch/middleware/callbacks.rb:29:in `block in call'
  activesupport (4.1.1) lib/active_support/callbacks.rb:82:in `run_callbacks'
  actionpack (4.1.1) lib/action_dispatch/middleware/callbacks.rb:27:in `call'
  actionpack (4.1.1) lib/action_dispatch/middleware/reloader.rb:73:in `call'
  actionpack (4.1.1) lib/action_dispatch/middleware/remote_ip.rb:76:in `call'
  actionpack (4.1.1) lib/action_dispatch/middleware/debug_exceptions.rb:17:in `call'
  actionpack (4.1.1) lib/action_dispatch/middleware/show_exceptions.rb:30:in `call'
  railties (4.1.1) lib/rails/rack/logger.rb:38:in `call_app'
  railties (4.1.1) lib/rails/rack/logger.rb:20:in `block in call'
  activesupport (4.1.1) lib/active_support/tagged_logging.rb:68:in `block in tagged'
  activesupport (4.1.1) lib/active_support/tagged_logging.rb:26:in `tagged'
  activesupport (4.1.1) lib/active_support/tagged_logging.rb:68:in `tagged'
  railties (4.1.1) lib/rails/rack/logger.rb:20:in `call'
  actionpack (4.1.1) lib/action_dispatch/middleware/request_id.rb:21:in `call'
  rack (1.5.2) lib/rack/methodoverride.rb:21:in `call'
  rack (1.5.2) lib/rack/runtime.rb:17:in `call'
  activesupport (4.1.1) lib/active_support/cache/strategy/local_cache_middleware.rb:26:in `call'
  rack (1.5.2) lib/rack/lock.rb:17:in `call'
  actionpack (4.1.1) lib/action_dispatch/middleware/static.rb:64:in `call'
  rack (1.5.2) lib/rack/sendfile.rb:112:in `call'
  railties (4.1.1) lib/rails/engine.rb:514:in `call'
  railties (4.1.1) lib/rails/application.rb:144:in `call'
  rack (1.5.2) lib/rack/lock.rb:17:in `call'
  rack (1.5.2) lib/rack/content_length.rb:14:in `call'
  rack (1.5.2) lib/rack/handler/webrick.rb:60:in `service'
  /Users/appacademy/.rbenv/versions/1.9.3-p545/lib/ruby/1.9.1/webrick/httpserver.rb:138:in `service'
  /Users/appacademy/.rbenv/versions/1.9.3-p545/lib/ruby/1.9.1/webrick/httpserver.rb:94:in `run'
  /Users/appacademy/.rbenv/versions/1.9.3-p545/lib/ruby/1.9.1/webrick/server.rb:191:in `block in start_thread'


  Rendered /Users/appacademy/.rbenv/versions/1.9.3-p545/lib/ruby/gems/1.9.1/gems/actionpack-4.1.1/lib/action_dispatch/middleware/templates/rescues/_source.erb (0.5ms)
  Rendered /Users/appacademy/.rbenv/versions/1.9.3-p545/lib/ruby/gems/1.9.1/gems/actionpack-4.1.1/lib/action_dispatch/middleware/templates/rescues/_trace.html.erb (0.9ms)
  Rendered /Users/appacademy/.rbenv/versions/1.9.3-p545/lib/ruby/gems/1.9.1/gems/actionpack-4.1.1/lib/action_dispatch/middleware/templates/rescues/_request_and_response.html.erb (0.9ms)
  Rendered /Users/appacademy/.rbenv/versions/1.9.3-p545/lib/ruby/gems/1.9.1/gems/actionpack-4.1.1/lib/action_dispatch/middleware/templates/rescues/diagnostics.erb within rescues/layout (14.4ms)


Started GET "/users/5.json?name=Chrome" for 127.0.0.1 at 2014-08-25 14:27:00 -0700
Processing by UsersController#show as JSON
  Parameters: {"name"=>"Chrome", "id"=>"5"}
  [1m[35mUser Load (0.1ms)[0m  SELECT  "users".* FROM "users"  WHERE "users"."id" = ? LIMIT 1  [["id", 5]]
Completed 200 OK in 6ms (Views: 3.0ms | ActiveRecord: 0.5ms)


Started POST "/users" for 127.0.0.1 at 2014-08-25 14:31:28 -0700
Processing by UsersController#create as XML
  Parameters: {"user"=>{"name"=>"LeBron"}}
  [1m[36m (0.1ms)[0m  [1mbegin transaction[0m
  [1m[35mSQL (0.3ms)[0m  INSERT INTO "users" ("created_at", "updated_at") VALUES (?, ?)  [["created_at", "2014-08-25 21:31:28.515487"], ["updated_at", "2014-08-25 21:31:28.515487"]]
  [1m[36m (1.6ms)[0m  [1mcommit transaction[0m
Completed 200 OK in 4ms (Views: 0.3ms | ActiveRecord: 2.0ms)
  [1m[36m (0.1ms)[0m  [1mbegin transaction[0m
  [1m[35mSQL (0.5ms)[0m  INSERT INTO "users" ("created_at", "name", "updated_at") VALUES (?, ?, ?)  [["created_at", "2014-08-25 21:33:20.615066"], ["name", "LeBron"], ["updated_at", "2014-08-25 21:33:20.615066"]]
  [1m[36m (1.7ms)[0m  [1mcommit transaction[0m
  [1m[35m (0.1ms)[0m  begin transaction
  [1m[36mSQL (0.3ms)[0m  [1mINSERT INTO "users" ("created_at", "name", "updated_at") VALUES (?, ?, ?)[0m  [["created_at", "2014-08-25 21:34:04.281149"], ["name", "LeBron"], ["updated_at", "2014-08-25 21:34:04.281149"]]
  [1m[35m (1.6ms)[0m  commit transaction


Started POST "/users" for 127.0.0.1 at 2014-08-25 14:34:13 -0700
Processing by UsersController#create as XML
  Parameters: {"user"=>{"name"=>"LeBron"}}
Completed 500 Internal Server Error in 2ms

ActiveModel::ForbiddenAttributesError (ActiveModel::ForbiddenAttributesError):
  app/controllers/users_controller.rb:11:in `create'


  Rendered /Users/appacademy/.rbenv/versions/1.9.3-p545/lib/ruby/gems/1.9.1/gems/actionpack-4.1.1/lib/action_dispatch/middleware/templates/rescues/_source.erb (0.9ms)
  Rendered /Users/appacademy/.rbenv/versions/1.9.3-p545/lib/ruby/gems/1.9.1/gems/actionpack-4.1.1/lib/action_dispatch/middleware/templates/rescues/_trace.html.erb (1.1ms)
  Rendered /Users/appacademy/.rbenv/versions/1.9.3-p545/lib/ruby/gems/1.9.1/gems/actionpack-4.1.1/lib/action_dispatch/middleware/templates/rescues/_request_and_response.html.erb (0.9ms)
  Rendered /Users/appacademy/.rbenv/versions/1.9.3-p545/lib/ruby/gems/1.9.1/gems/actionpack-4.1.1/lib/action_dispatch/middleware/templates/rescues/diagnostics.erb within rescues/layout (16.3ms)


Started POST "/users" for 127.0.0.1 at 2014-08-25 14:36:55 -0700
Processing by UsersController#create as XML
  Parameters: {"user"=>{"name"=>"LeBron"}}
  [1m[35m (0.1ms)[0m  begin transaction
  [1m[36mSQL (0.3ms)[0m  [1mINSERT INTO "users" ("created_at", "name", "updated_at") VALUES (?, ?, ?)[0m  [["created_at", "2014-08-25 21:36:55.726311"], ["name", "LeBron"], ["updated_at", "2014-08-25 21:36:55.726311"]]
  [1m[35m (5.6ms)[0m  commit transaction
Completed 500 Internal Server Error in 14ms

NameError (undefined local variable or method `new_user' for #<UsersController:0x007fbbcd2200c0>):
  app/controllers/users_controller.rb:16:in `create'


  Rendered /Users/appacademy/.rbenv/versions/1.9.3-p545/lib/ruby/gems/1.9.1/gems/actionpack-4.1.1/lib/action_dispatch/middleware/templates/rescues/_source.erb (1.0ms)
  Rendered /Users/appacademy/.rbenv/versions/1.9.3-p545/lib/ruby/gems/1.9.1/gems/actionpack-4.1.1/lib/action_dispatch/middleware/templates/rescues/_trace.html.erb (1.8ms)
  Rendered /Users/appacademy/.rbenv/versions/1.9.3-p545/lib/ruby/gems/1.9.1/gems/actionpack-4.1.1/lib/action_dispatch/middleware/templates/rescues/_request_and_response.html.erb (1.1ms)
  Rendered /Users/appacademy/.rbenv/versions/1.9.3-p545/lib/ruby/gems/1.9.1/gems/actionpack-4.1.1/lib/action_dispatch/middleware/templates/rescues/diagnostics.erb within rescues/layout (24.6ms)


Started POST "/users" for 127.0.0.1 at 2014-08-25 14:37:21 -0700
Processing by UsersController#create as XML
  Parameters: {"user"=>{"name"=>"LeBron"}}
  [1m[36m (0.1ms)[0m  [1mbegin transaction[0m
  [1m[35mSQL (0.4ms)[0m  INSERT INTO "users" ("created_at", "name", "updated_at") VALUES (?, ?, ?)  [["created_at", "2014-08-25 21:37:21.538899"], ["name", "LeBron"], ["updated_at", "2014-08-25 21:37:21.538899"]]
  [1m[36m (5.6ms)[0m  [1mcommit transaction[0m
Completed 200 OK in 13ms (Views: 0.4ms | ActiveRecord: 6.4ms)


Started POST "/users" for 127.0.0.1 at 2014-08-25 14:38:49 -0700
Processing by UsersController#create as XML
  Parameters: {"user"=>{"id"=>"LeBron"}}
Unpermitted parameters: id
  [1m[35m (0.0ms)[0m  begin transaction
  [1m[36mSQL (0.4ms)[0m  [1mINSERT INTO "users" ("created_at", "updated_at") VALUES (?, ?)[0m  [["created_at", "2014-08-25 21:38:49.835828"], ["updated_at", "2014-08-25 21:38:49.835828"]]
  [1m[35m (1.7ms)[0m  commit transaction
Completed 200 OK in 10ms (Views: 0.4ms | ActiveRecord: 2.5ms)


Started POST "/users" for 127.0.0.1 at 2014-08-25 14:40:03 -0700
Processing by UsersController#create as XML
  Parameters: {"user"=>{"id"=>"LeBron"}}
Unpermitted parameters: id
  [1m[36m (0.1ms)[0m  [1mbegin transaction[0m
  [1m[35m (0.1ms)[0m  rollback transaction
Completed 422 Unprocessable Entity in 76ms

ActiveRecord::RecordInvalid (Validation failed: Name can't be blank):
  app/controllers/users_controller.rb:15:in `create'


  Rendered /Users/appacademy/.rbenv/versions/1.9.3-p545/lib/ruby/gems/1.9.1/gems/actionpack-4.1.1/lib/action_dispatch/middleware/templates/rescues/_source.erb (0.6ms)
  Rendered /Users/appacademy/.rbenv/versions/1.9.3-p545/lib/ruby/gems/1.9.1/gems/actionpack-4.1.1/lib/action_dispatch/middleware/templates/rescues/_trace.html.erb (1.0ms)
  Rendered /Users/appacademy/.rbenv/versions/1.9.3-p545/lib/ruby/gems/1.9.1/gems/actionpack-4.1.1/lib/action_dispatch/middleware/templates/rescues/_request_and_response.html.erb (0.9ms)
  Rendered /Users/appacademy/.rbenv/versions/1.9.3-p545/lib/ruby/gems/1.9.1/gems/actionpack-4.1.1/lib/action_dispatch/middleware/templates/rescues/diagnostics.erb within rescues/layout (14.3ms)


Started PATCH "/users/13" for 127.0.0.1 at 2014-08-25 14:54:38 -0700
Processing by UsersController#update as XML
  Parameters: {"name"=>"LeBron", "id"=>"13"}
  [1m[36mUser Load (0.1ms)[0m  [1mSELECT  "users".* FROM "users"  WHERE "users"."id" = ? LIMIT 1[0m  [["id", 13]]
  [1m[35m (0.0ms)[0m  begin transaction
  [1m[36m (0.0ms)[0m  [1mrollback transaction[0m
Completed 500 Internal Server Error in 22ms

ArgumentError (When assigning attributes, you must pass a hash as an argument.):
  app/controllers/users_controller.rb:35:in `update'


  Rendered /Users/appacademy/.rbenv/versions/1.9.3-p545/lib/ruby/gems/1.9.1/gems/actionpack-4.1.1/lib/action_dispatch/middleware/templates/rescues/_source.erb (0.6ms)
  Rendered /Users/appacademy/.rbenv/versions/1.9.3-p545/lib/ruby/gems/1.9.1/gems/actionpack-4.1.1/lib/action_dispatch/middleware/templates/rescues/_trace.html.erb (1.0ms)
  Rendered /Users/appacademy/.rbenv/versions/1.9.3-p545/lib/ruby/gems/1.9.1/gems/actionpack-4.1.1/lib/action_dispatch/middleware/templates/rescues/_request_and_response.html.erb (0.8ms)
  Rendered /Users/appacademy/.rbenv/versions/1.9.3-p545/lib/ruby/gems/1.9.1/gems/actionpack-4.1.1/lib/action_dispatch/middleware/templates/rescues/diagnostics.erb within rescues/layout (14.4ms)


Started PATCH "/users/13" for 127.0.0.1 at 2014-08-25 14:57:02 -0700
Processing by UsersController#update as XML
  Parameters: {"13"=>{"name"=>"LeBron"}, "id"=>"13"}
  [1m[35mUser Load (0.1ms)[0m  SELECT  "users".* FROM "users"  WHERE "users"."id" = ? LIMIT 1  [["id", 13]]
  [1m[36m (0.1ms)[0m  [1mbegin transaction[0m
  [1m[35m (0.0ms)[0m  rollback transaction
Completed 500 Internal Server Error in 2ms

ArgumentError (When assigning attributes, you must pass a hash as an argument.):
  app/controllers/users_controller.rb:35:in `update'


  Rendered /Users/appacademy/.rbenv/versions/1.9.3-p545/lib/ruby/gems/1.9.1/gems/actionpack-4.1.1/lib/action_dispatch/middleware/templates/rescues/_source.erb (0.6ms)
  Rendered /Users/appacademy/.rbenv/versions/1.9.3-p545/lib/ruby/gems/1.9.1/gems/actionpack-4.1.1/lib/action_dispatch/middleware/templates/rescues/_trace.html.erb (0.9ms)
  Rendered /Users/appacademy/.rbenv/versions/1.9.3-p545/lib/ruby/gems/1.9.1/gems/actionpack-4.1.1/lib/action_dispatch/middleware/templates/rescues/_request_and_response.html.erb (0.9ms)
  Rendered /Users/appacademy/.rbenv/versions/1.9.3-p545/lib/ruby/gems/1.9.1/gems/actionpack-4.1.1/lib/action_dispatch/middleware/templates/rescues/diagnostics.erb within rescues/layout (14.2ms)


Started PATCH "/users/13" for 127.0.0.1 at 2014-08-25 14:58:17 -0700
Processing by UsersController#update as XML
  Parameters: {"name"=>"LeBron", "id"=>"13"}
  [1m[36mUser Load (0.1ms)[0m  [1mSELECT  "users".* FROM "users"  WHERE "users"."id" = ? LIMIT 1[0m  [["id", 13]]
  [1m[35m (0.1ms)[0m  begin transaction
  [1m[36m (0.0ms)[0m  [1mrollback transaction[0m
Completed 500 Internal Server Error in 2ms

ArgumentError (When assigning attributes, you must pass a hash as an argument.):
  app/controllers/users_controller.rb:35:in `update'


  Rendered /Users/appacademy/.rbenv/versions/1.9.3-p545/lib/ruby/gems/1.9.1/gems/actionpack-4.1.1/lib/action_dispatch/middleware/templates/rescues/_source.erb (0.5ms)
  Rendered /Users/appacademy/.rbenv/versions/1.9.3-p545/lib/ruby/gems/1.9.1/gems/actionpack-4.1.1/lib/action_dispatch/middleware/templates/rescues/_trace.html.erb (1.0ms)
  Rendered /Users/appacademy/.rbenv/versions/1.9.3-p545/lib/ruby/gems/1.9.1/gems/actionpack-4.1.1/lib/action_dispatch/middleware/templates/rescues/_request_and_response.html.erb (0.8ms)
  Rendered /Users/appacademy/.rbenv/versions/1.9.3-p545/lib/ruby/gems/1.9.1/gems/actionpack-4.1.1/lib/action_dispatch/middleware/templates/rescues/diagnostics.erb within rescues/layout (13.9ms)


Started PATCH "/users/13" for 127.0.0.1 at 2014-08-25 14:58:24 -0700
Processing by UsersController#update as XML
  Parameters: {"name"=>"LeBron", "id"=>"13"}
  [1m[35mUser Load (0.1ms)[0m  SELECT  "users".* FROM "users"  WHERE "users"."id" = ? LIMIT 1  [["id", 13]]
  [1m[36m (0.1ms)[0m  [1mbegin transaction[0m
  [1m[35m (0.0ms)[0m  rollback transaction
Completed 500 Internal Server Error in 2ms

ArgumentError (When assigning attributes, you must pass a hash as an argument.):
  app/controllers/users_controller.rb:35:in `update'


  Rendered /Users/appacademy/.rbenv/versions/1.9.3-p545/lib/ruby/gems/1.9.1/gems/actionpack-4.1.1/lib/action_dispatch/middleware/templates/rescues/_source.erb (0.6ms)
  Rendered /Users/appacademy/.rbenv/versions/1.9.3-p545/lib/ruby/gems/1.9.1/gems/actionpack-4.1.1/lib/action_dispatch/middleware/templates/rescues/_trace.html.erb (0.9ms)
  Rendered /Users/appacademy/.rbenv/versions/1.9.3-p545/lib/ruby/gems/1.9.1/gems/actionpack-4.1.1/lib/action_dispatch/middleware/templates/rescues/_request_and_response.html.erb (0.8ms)
  Rendered /Users/appacademy/.rbenv/versions/1.9.3-p545/lib/ruby/gems/1.9.1/gems/actionpack-4.1.1/lib/action_dispatch/middleware/templates/rescues/diagnostics.erb within rescues/layout (13.8ms)


Started PATCH "/users/13" for 127.0.0.1 at 2014-08-25 15:01:13 -0700
Processing by UsersController#update as XML
  Parameters: {"user"=>{"name"=>"LeBron"}, "id"=>"13"}
  [1m[36mUser Load (0.1ms)[0m  [1mSELECT  "users".* FROM "users"  WHERE "users"."id" = ? LIMIT 1[0m  [["id", 13]]
  [1m[35m (0.0ms)[0m  begin transaction
  [1m[36mSQL (0.3ms)[0m  [1mUPDATE "users" SET "name" = ?, "updated_at" = ? WHERE "users"."id" = 13[0m  [["name", "LeBron"], ["updated_at", "2014-08-25 22:01:13.142663"]]
  [1m[35m (1.7ms)[0m  commit transaction
Completed 200 OK in 10ms (Views: 0.5ms | ActiveRecord: 2.6ms)


Started PATCH "/users/13" for 127.0.0.1 at 2014-08-25 15:01:28 -0700
Processing by UsersController#update as XML
  Parameters: {"user"=>{"name"=>"Kobe"}, "id"=>"13"}
  [1m[36mUser Load (0.1ms)[0m  [1mSELECT  "users".* FROM "users"  WHERE "users"."id" = ? LIMIT 1[0m  [["id", 13]]
  [1m[35m (0.1ms)[0m  begin transaction
  [1m[36mSQL (0.2ms)[0m  [1mUPDATE "users" SET "name" = ?, "updated_at" = ? WHERE "users"."id" = 13[0m  [["name", "Kobe"], ["updated_at", "2014-08-25 22:01:28.544444"]]
  [1m[35m (5.8ms)[0m  commit transaction
Completed 200 OK in 9ms (Views: 0.4ms | ActiveRecord: 6.2ms)


Started DELETE "/users/13" for 127.0.0.1 at 2014-08-25 15:05:47 -0700

SyntaxError (/Users/appacademy/Desktop/w4d1/test_proj/app/controllers/users_controller.rb:48: syntax error, unexpected tLABEL, expecting '='
      user.error.full_messages, status: :unprocessable_entity
                                       ^):
  activesupport (4.1.1) lib/active_support/dependencies.rb:443:in `load'
  activesupport (4.1.1) lib/active_support/dependencies.rb:443:in `block in load_file'
  activesupport (4.1.1) lib/active_support/dependencies.rb:633:in `new_constants_in'
  activesupport (4.1.1) lib/active_support/dependencies.rb:442:in `load_file'
  activesupport (4.1.1) lib/active_support/dependencies.rb:342:in `require_or_load'
  activesupport (4.1.1) lib/active_support/dependencies.rb:480:in `load_missing_constant'
  activesupport (4.1.1) lib/active_support/dependencies.rb:180:in `const_missing'
  activesupport (4.1.1) lib/active_support/inflector/methods.rb:238:in `const_get'
  activesupport (4.1.1) lib/active_support/inflector/methods.rb:238:in `block in constantize'
  activesupport (4.1.1) lib/active_support/inflector/methods.rb:236:in `each'
  activesupport (4.1.1) lib/active_support/inflector/methods.rb:236:in `inject'
  activesupport (4.1.1) lib/active_support/inflector/methods.rb:236:in `constantize'
  activesupport (4.1.1) lib/active_support/dependencies.rb:552:in `get'
  activesupport (4.1.1) lib/active_support/dependencies.rb:583:in `constantize'
  actionpack (4.1.1) lib/action_dispatch/routing/route_set.rb:76:in `controller_reference'
  actionpack (4.1.1) lib/action_dispatch/routing/route_set.rb:66:in `controller'
  actionpack (4.1.1) lib/action_dispatch/routing/route_set.rb:44:in `call'
  actionpack (4.1.1) lib/action_dispatch/journey/router.rb:71:in `block in call'
  actionpack (4.1.1) lib/action_dispatch/journey/router.rb:59:in `each'
  actionpack (4.1.1) lib/action_dispatch/journey/router.rb:59:in `call'
  actionpack (4.1.1) lib/action_dispatch/routing/route_set.rb:676:in `call'
  rack (1.5.2) lib/rack/etag.rb:23:in `call'
  rack (1.5.2) lib/rack/conditionalget.rb:35:in `call'
  rack (1.5.2) lib/rack/head.rb:11:in `call'
  actionpack (4.1.1) lib/action_dispatch/middleware/params_parser.rb:27:in `call'
  actionpack (4.1.1) lib/action_dispatch/middleware/flash.rb:254:in `call'
  rack (1.5.2) lib/rack/session/abstract/id.rb:225:in `context'
  rack (1.5.2) lib/rack/session/abstract/id.rb:220:in `call'
  actionpack (4.1.1) lib/action_dispatch/middleware/cookies.rb:560:in `call'
  activerecord (4.1.1) lib/active_record/query_cache.rb:36:in `call'
  activerecord (4.1.1) lib/active_record/connection_adapters/abstract/connection_pool.rb:621:in `call'
  activerecord (4.1.1) lib/active_record/migration.rb:380:in `call'
  actionpack (4.1.1) lib/action_dispatch/middleware/callbacks.rb:29:in `block in call'
  activesupport (4.1.1) lib/active_support/callbacks.rb:82:in `run_callbacks'
  actionpack (4.1.1) lib/action_dispatch/middleware/callbacks.rb:27:in `call'
  actionpack (4.1.1) lib/action_dispatch/middleware/reloader.rb:73:in `call'
  actionpack (4.1.1) lib/action_dispatch/middleware/remote_ip.rb:76:in `call'
  actionpack (4.1.1) lib/action_dispatch/middleware/debug_exceptions.rb:17:in `call'
  actionpack (4.1.1) lib/action_dispatch/middleware/show_exceptions.rb:30:in `call'
  railties (4.1.1) lib/rails/rack/logger.rb:38:in `call_app'
  railties (4.1.1) lib/rails/rack/logger.rb:20:in `block in call'
  activesupport (4.1.1) lib/active_support/tagged_logging.rb:68:in `block in tagged'
  activesupport (4.1.1) lib/active_support/tagged_logging.rb:26:in `tagged'
  activesupport (4.1.1) lib/active_support/tagged_logging.rb:68:in `tagged'
  railties (4.1.1) lib/rails/rack/logger.rb:20:in `call'
  actionpack (4.1.1) lib/action_dispatch/middleware/request_id.rb:21:in `call'
  rack (1.5.2) lib/rack/methodoverride.rb:21:in `call'
  rack (1.5.2) lib/rack/runtime.rb:17:in `call'
  activesupport (4.1.1) lib/active_support/cache/strategy/local_cache_middleware.rb:26:in `call'
  rack (1.5.2) lib/rack/lock.rb:17:in `call'
  actionpack (4.1.1) lib/action_dispatch/middleware/static.rb:64:in `call'
  rack (1.5.2) lib/rack/sendfile.rb:112:in `call'
  railties (4.1.1) lib/rails/engine.rb:514:in `call'
  railties (4.1.1) lib/rails/application.rb:144:in `call'
  rack (1.5.2) lib/rack/lock.rb:17:in `call'
  rack (1.5.2) lib/rack/content_length.rb:14:in `call'
  rack (1.5.2) lib/rack/handler/webrick.rb:60:in `service'
  /Users/appacademy/.rbenv/versions/1.9.3-p545/lib/ruby/1.9.1/webrick/httpserver.rb:138:in `service'
  /Users/appacademy/.rbenv/versions/1.9.3-p545/lib/ruby/1.9.1/webrick/httpserver.rb:94:in `run'
  /Users/appacademy/.rbenv/versions/1.9.3-p545/lib/ruby/1.9.1/webrick/server.rb:191:in `block in start_thread'


  Rendered /Users/appacademy/.rbenv/versions/1.9.3-p545/lib/ruby/gems/1.9.1/gems/actionpack-4.1.1/lib/action_dispatch/middleware/templates/rescues/_source.erb (0.5ms)
  Rendered /Users/appacademy/.rbenv/versions/1.9.3-p545/lib/ruby/gems/1.9.1/gems/actionpack-4.1.1/lib/action_dispatch/middleware/templates/rescues/_trace.html.erb (0.9ms)
  Rendered /Users/appacademy/.rbenv/versions/1.9.3-p545/lib/ruby/gems/1.9.1/gems/actionpack-4.1.1/lib/action_dispatch/middleware/templates/rescues/_request_and_response.html.erb (0.9ms)
  Rendered /Users/appacademy/.rbenv/versions/1.9.3-p545/lib/ruby/gems/1.9.1/gems/actionpack-4.1.1/lib/action_dispatch/middleware/templates/rescues/diagnostics.erb within rescues/layout (14.2ms)
  [1m[36mUser Load (2.5ms)[0m  [1mSELECT "users".* FROM "users"[0m
  [1m[35mUser Load (0.2ms)[0m  SELECT  "users".* FROM "users"   ORDER BY "users"."id" DESC LIMIT 1


Started DELETE "/users/13" for 127.0.0.1 at 2014-08-25 15:07:49 -0700
Processing by UsersController#destroy as XML
  Parameters: {"id"=>"13"}
  [1m[36mUser Load (0.1ms)[0m  [1mSELECT  "users".* FROM "users"  WHERE "users"."id" = ? LIMIT 1[0m  [["id", 13]]
  [1m[35m (0.1ms)[0m  begin transaction
  [1m[36mSQL (0.3ms)[0m  [1mDELETE FROM "users" WHERE "users"."id" = ?[0m  [["id", 13]]
  [1m[35m (1.3ms)[0m  commit transaction
Completed 200 OK in 9ms (Views: 3.1ms | ActiveRecord: 2.4ms)
  [1m[36mUser Load (0.1ms)[0m  [1mSELECT  "users".* FROM "users"   ORDER BY "users"."id" DESC LIMIT 1[0m
  [1m[36mActiveRecord::SchemaMigration Load (0.1ms)[0m  [1mSELECT "schema_migrations".* FROM "schema_migrations"[0m
  [1m[35mActiveRecord::SchemaMigration Load (0.1ms)[0m  SELECT "schema_migrations".* FROM "schema_migrations"
Migrating to CreateUsers (20140825202536)
  [1m[36m (0.2ms)[0m  [1mbegin transaction[0m
  [1m[35m (0.7ms)[0m  DROP TABLE "users"
  [1m[36mSQL (2.5ms)[0m  [1mDELETE FROM "schema_migrations" WHERE "schema_migrations"."version" = '20140825202536'[0m
  [1m[35m (1.1ms)[0m  commit transaction
  [1m[36mActiveRecord::SchemaMigration Load (0.1ms)[0m  [1mSELECT "schema_migrations".* FROM "schema_migrations"[0m
  [1m[36mActiveRecord::SchemaMigration Load (0.1ms)[0m  [1mSELECT "schema_migrations".* FROM "schema_migrations"[0m
Migrating to CreateUsers (20140825202536)
  [1m[35m (0.2ms)[0m  begin transaction
  [1m[36m (0.5ms)[0m  [1mCREATE TABLE "users" ("id" INTEGER PRIMARY KEY AUTOINCREMENT NOT NULL, "username" varchar(255), "created_at" datetime, "updated_at" datetime) [0m
  [1m[35mSQL (1.5ms)[0m  INSERT INTO "schema_migrations" ("version") VALUES (?)  [["version", "20140825202536"]]
  [1m[36m (1.2ms)[0m  [1mcommit transaction[0m
  [1m[35mActiveRecord::SchemaMigration Load (0.1ms)[0m  SELECT "schema_migrations".* FROM "schema_migrations"
  [1m[36mActiveRecord::SchemaMigration Load (0.1ms)[0m  [1mSELECT "schema_migrations".* FROM "schema_migrations"[0m
Migrating to CreateContacts (20140825221236)
  [1m[35m (0.1ms)[0m  begin transaction
  [1m[36m (1.1ms)[0m  [1mCREATE TABLE "contacts" ("id" INTEGER PRIMARY KEY AUTOINCREMENT NOT NULL, "name" varchar(255), "email" varchar(255), "user_id" integer, "created_at" datetime, "updated_at" datetime) [0m
  [1m[35m (0.1ms)[0m  select sqlite_version(*)
  [1m[36m (0.1ms)[0m  [1mCREATE  INDEX "index_contacts_on_user_id" ON "contacts" ("user_id")[0m
  [1m[35m (0.1ms)[0m              SELECT sql
            FROM sqlite_master
            WHERE name='index_contacts_on_user_id' AND type='index'
            UNION ALL
            SELECT sql
            FROM sqlite_temp_master
            WHERE name='index_contacts_on_user_id' AND type='index'

  [1m[36m (0.8ms)[0m  [1mCREATE UNIQUE INDEX "index_contacts_on_email_and_user_id" ON "contacts" ("email", "user_id")[0m
  [1m[35mSQL (3.1ms)[0m  INSERT INTO "schema_migrations" ("version") VALUES (?)  [["version", "20140825221236"]]
  [1m[36m (60.2ms)[0m  [1mcommit transaction[0m
Migrating to CreateContactShares (20140825222026)
  [1m[35m (0.2ms)[0m  begin transaction
  [1m[36m (0.5ms)[0m  [1mCREATE TABLE "contact_shares" ("id" INTEGER PRIMARY KEY AUTOINCREMENT NOT NULL, "contact_id" integer, "user_id" integer, "created_at" datetime, "updated_at" datetime) [0m
  [1m[35m (0.2ms)[0m  CREATE  INDEX "index_contact_shares_on_contact_id" ON "contact_shares" ("contact_id")
  [1m[36m (0.1ms)[0m  [1m            SELECT sql
            FROM sqlite_master
            WHERE name='index_contact_shares_on_contact_id' AND type='index'
            UNION ALL
            SELECT sql
            FROM sqlite_temp_master
            WHERE name='index_contact_shares_on_contact_id' AND type='index'
[0m
  [1m[35m (0.1ms)[0m  CREATE  INDEX "index_contact_shares_on_user_id" ON "contact_shares" ("user_id")
  [1m[36m (0.1ms)[0m  [1m            SELECT sql
            FROM sqlite_master
            WHERE name='index_contact_shares_on_user_id' AND type='index'
            UNION ALL
            SELECT sql
            FROM sqlite_temp_master
            WHERE name='index_contact_shares_on_user_id' AND type='index'
[0m
  [1m[35m (0.1ms)[0m              SELECT sql
            FROM sqlite_master
            WHERE name='index_contact_shares_on_contact_id' AND type='index'
            UNION ALL
            SELECT sql
            FROM sqlite_temp_master
            WHERE name='index_contact_shares_on_contact_id' AND type='index'

  [1m[36m (0.5ms)[0m  [1mCREATE UNIQUE INDEX "index_contact_shares_on_contact_id_and_user_id" ON "contact_shares" ("contact_id", "user_id")[0m
  [1m[35mSQL (0.2ms)[0m  INSERT INTO "schema_migrations" ("version") VALUES (?)  [["version", "20140825222026"]]
  [1m[36m (1.3ms)[0m  [1mcommit transaction[0m
  [1m[35mActiveRecord::SchemaMigration Load (0.1ms)[0m  SELECT "schema_migrations".* FROM "schema_migrations"
  [1m[36m (0.1ms)[0m  [1m            SELECT sql
            FROM sqlite_master
            WHERE name='index_contact_shares_on_contact_id_and_user_id' AND type='index'
            UNION ALL
            SELECT sql
            FROM sqlite_temp_master
            WHERE name='index_contact_shares_on_contact_id_and_user_id' AND type='index'
[0m
  [1m[35m (0.1ms)[0m              SELECT sql
            FROM sqlite_master
            WHERE name='index_contact_shares_on_user_id' AND type='index'
            UNION ALL
            SELECT sql
            FROM sqlite_temp_master
            WHERE name='index_contact_shares_on_user_id' AND type='index'

  [1m[36m (0.1ms)[0m  [1m            SELECT sql
            FROM sqlite_master
            WHERE name='index_contact_shares_on_contact_id' AND type='index'
            UNION ALL
            SELECT sql
            FROM sqlite_temp_master
            WHERE name='index_contact_shares_on_contact_id' AND type='index'
[0m
  [1m[35m (0.1ms)[0m              SELECT sql
            FROM sqlite_master
            WHERE name='index_contacts_on_email_and_user_id' AND type='index'
            UNION ALL
            SELECT sql
            FROM sqlite_temp_master
            WHERE name='index_contacts_on_email_and_user_id' AND type='index'

  [1m[36m (0.1ms)[0m  [1m            SELECT sql
            FROM sqlite_master
            WHERE name='index_contacts_on_user_id' AND type='index'
            UNION ALL
            SELECT sql
            FROM sqlite_temp_master
            WHERE name='index_contacts_on_user_id' AND type='index'
[0m
  [1m[36m (0.2ms)[0m  [1mbegin transaction[0m
  [1m[35mUser Exists (0.2ms)[0m  SELECT  1 AS one FROM "users"  WHERE "users"."username" = 'Lebron' LIMIT 1
  [1m[36mSQL (0.7ms)[0m  [1mINSERT INTO "users" ("created_at", "updated_at", "username") VALUES (?, ?, ?)[0m  [["created_at", "2014-08-25 22:45:14.181855"], ["updated_at", "2014-08-25 22:45:14.181855"], ["username", "Lebron"]]
  [1m[35m (1.2ms)[0m  commit transaction
  [1m[36mUser Load (0.3ms)[0m  [1mSELECT "users".* FROM "users"[0m
  [1m[35m (0.2ms)[0m  begin transaction
  [1m[36mUser Exists (0.2ms)[0m  [1mSELECT  1 AS one FROM "users"  WHERE "users"."username" = 'Kyrie' LIMIT 1[0m
  [1m[35mSQL (0.3ms)[0m  INSERT INTO "users" ("created_at", "updated_at", "username") VALUES (?, ?, ?)  [["created_at", "2014-08-25 22:45:32.377389"], ["updated_at", "2014-08-25 22:45:32.377389"], ["username", "Kyrie"]]
  [1m[36m (6.0ms)[0m  [1mcommit transaction[0m
  [1m[35m (0.1ms)[0m  begin transaction
  [1m[36mUser Exists (0.2ms)[0m  [1mSELECT  1 AS one FROM "users"  WHERE "users"."username" = 'D-wade' LIMIT 1[0m
  [1m[35mSQL (0.3ms)[0m  INSERT INTO "users" ("created_at", "updated_at", "username") VALUES (?, ?, ?)  [["created_at", "2014-08-25 22:45:44.719543"], ["updated_at", "2014-08-25 22:45:44.719543"], ["username", "D-wade"]]
  [1m[36m (1.6ms)[0m  [1mcommit transaction[0m
  [1m[35mContact Load (0.2ms)[0m  SELECT "contacts".* FROM "contacts"  WHERE "contacts"."user_id" = ?  [["user_id", 1]]
  [1m[36m (0.1ms)[0m  [1mbegin transaction[0m
  [1m[35mContact Exists (0.2ms)[0m  SELECT  1 AS one FROM "contacts"  WHERE ("contacts"."email" = 'Love@cavs.com' AND "contacts"."user_id" = 1) LIMIT 1
  [1m[36mSQL (0.3ms)[0m  [1mINSERT INTO "contacts" ("created_at", "email", "name", "updated_at", "user_id") VALUES (?, ?, ?, ?, ?)[0m  [["created_at", "2014-08-25 22:47:24.325047"], ["email", "Love@cavs.com"], ["name", "K-Love"], ["updated_at", "2014-08-25 22:47:24.325047"], ["user_id", 1]]
  [1m[35m (1.6ms)[0m  commit transaction
  [1m[36mUser Load (0.3ms)[0m  [1mSELECT  "users".* FROM "users"   ORDER BY "users"."id" ASC LIMIT 1[0m
  [1m[35mContact Load (0.2ms)[0m  SELECT "contacts".* FROM "contacts"  WHERE "contacts"."user_id" = ?  [["user_id", 1]]
  [1m[36m (0.1ms)[0m  [1mbegin transaction[0m
  [1m[35mContactShare Exists (0.1ms)[0m  SELECT  1 AS one FROM "contact_shares"  WHERE ("contact_shares"."user_id" = 2 AND "contact_shares"."contact_id" = 1) LIMIT 1
  [1m[36mSQL (0.4ms)[0m  [1mINSERT INTO "contact_shares" ("contact_id", "created_at", "updated_at", "user_id") VALUES (?, ?, ?, ?)[0m  [["contact_id", 1], ["created_at", "2014-08-25 22:48:43.935209"], ["updated_at", "2014-08-25 22:48:43.935209"], ["user_id", 2]]
  [1m[35m (1.5ms)[0m  commit transaction
  [1m[36mUser Load (0.3ms)[0m  [1mSELECT  "users".* FROM "users"   ORDER BY "users"."id" ASC LIMIT 1[0m
  [1m[35mContactShare Load (0.2ms)[0m  SELECT "contact_shares".* FROM "contact_shares"  WHERE "contact_shares"."user_id" = ?  [["user_id", 1]]
  [1m[36mUser Load (0.2ms)[0m  [1mSELECT  "users".* FROM "users"   ORDER BY "users"."id" ASC LIMIT 1 OFFSET 1[0m
  [1m[35mContactShare Load (0.1ms)[0m  SELECT "contact_shares".* FROM "contact_shares"  WHERE "contact_shares"."user_id" = ?  [["user_id", 2]]
  [1m[36mUser Load (0.3ms)[0m  [1mSELECT  "users".* FROM "users"   ORDER BY "users"."id" ASC LIMIT 1 OFFSET 1[0m
  [1m[35mContactShare Load (0.1ms)[0m  SELECT "contact_shares".* FROM "contact_shares"  WHERE "contact_shares"."user_id" = ?  [["user_id", 2]]
  [1m[36mUser Load (0.3ms)[0m  [1mSELECT  "users".* FROM "users"   ORDER BY "users"."id" ASC LIMIT 1 OFFSET 1[0m
  [1m[35mContactShare Load (0.1ms)[0m  SELECT "contact_shares".* FROM "contact_shares"  WHERE "contact_shares"."user_id" = ?  [["user_id", 2]]
  [1m[36mUser Load (0.3ms)[0m  [1mSELECT  "users".* FROM "users"   ORDER BY "users"."id" ASC LIMIT 1 OFFSET 1[0m
  [1m[35mContactShare Load (0.2ms)[0m  SELECT  "contact_shares".* FROM "contact_shares"  WHERE "contact_shares"."user_id" = ?  ORDER BY "contact_shares"."id" ASC LIMIT 1  [["user_id", 2]]
  [1m[36mUser Load (0.3ms)[0m  [1mSELECT  "users".* FROM "users"   ORDER BY "users"."id" ASC LIMIT 1 OFFSET 1[0m
  [1m[35mContactShare Load (0.1ms)[0m  SELECT  "contact_shares".* FROM "contact_shares"  WHERE "contact_shares"."user_id" = ?  ORDER BY "contact_shares"."id" ASC LIMIT 1  [["user_id", 2]]
  [1m[36mUser Load (0.2ms)[0m  [1mSELECT  "users".* FROM "users"   ORDER BY "users"."id" ASC LIMIT 1 OFFSET 1[0m
  [1m[35mContactShare Load (0.1ms)[0m  SELECT  "contact_shares".* FROM "contact_shares"  WHERE "contact_shares"."user_id" = ?  ORDER BY "contact_shares"."id" ASC LIMIT 1  [["user_id", 2]]
  [1m[36mUser Load (0.3ms)[0m  [1mSELECT  "users".* FROM "users"   ORDER BY "users"."id" ASC LIMIT 1 OFFSET 1[0m
  [1m[35mContactShare Load (0.1ms)[0m  SELECT  "contact_shares".* FROM "contact_shares"  WHERE "contact_shares"."user_id" = ?  ORDER BY "contact_shares"."id" ASC LIMIT 1  [["user_id", 2]]
  [1m[36mUser Load (0.3ms)[0m  [1mSELECT  "users".* FROM "users"   ORDER BY "users"."id" ASC LIMIT 1 OFFSET 1[0m
  [1m[35mContactShare Load (0.1ms)[0m  SELECT  "contact_shares".* FROM "contact_shares"  WHERE "contact_shares"."user_id" = ?  ORDER BY "contact_shares"."id" ASC LIMIT 1  [["user_id", 2]]
  [1m[36mUser Load (0.2ms)[0m  [1mSELECT  "users".* FROM "users"   ORDER BY "users"."id" ASC LIMIT 1 OFFSET 1[0m
  [1m[35mContact Load (0.1ms)[0m  SELECT "contacts".* FROM "contacts"  WHERE "contacts"."user_id" = ?  [["user_id", 2]]
  [1m[36mUser Load (0.2ms)[0m  [1mSELECT  "users".* FROM "users"   ORDER BY "users"."id" ASC LIMIT 1 OFFSET 1[0m
  [1m[35mContactShare Load (0.1ms)[0m  SELECT "contact_shares".* FROM "contact_shares"  WHERE "contact_shares"."user_id" = ?  [["user_id", 2]]
  [1m[36mUser Load (0.3ms)[0m  [1mSELECT  "users".* FROM "users"   ORDER BY "users"."id" ASC LIMIT 1 OFFSET 1[0m
  [1m[35mContact Load (0.1ms)[0m  SELECT "contacts".* FROM "contacts"  WHERE "contacts"."user_id" = ?  [["user_id", 2]]
  [1m[36mUser Load (0.2ms)[0m  [1mSELECT  "users".* FROM "users"   ORDER BY "users"."id" ASC LIMIT 1[0m
  [1m[35mContact Load (0.1ms)[0m  SELECT "contacts".* FROM "contacts"  WHERE "contacts"."user_id" = ?  [["user_id", 1]]
  [1m[36mUser Load (0.3ms)[0m  [1mSELECT  "users".* FROM "users"   ORDER BY "users"."id" ASC LIMIT 1[0m
  [1m[35mContact Load (0.2ms)[0m  SELECT "contacts".* FROM "contacts" INNER JOIN "contact_shares" ON "contacts"."id" = "contact_shares"."contact_id" WHERE "contact_shares"."user_id" = ?  [["user_id", 1]]
  [1m[36mUser Load (0.3ms)[0m  [1mSELECT  "users".* FROM "users"   ORDER BY "users"."id" ASC LIMIT 1 OFFSET 1[0m
  [1m[35mContact Load (0.1ms)[0m  SELECT "contacts".* FROM "contacts" INNER JOIN "contact_shares" ON "contacts"."id" = "contact_shares"."contact_id" WHERE "contact_shares"."user_id" = ?  [["user_id", 2]]
  [1m[36mUser Load (0.3ms)[0m  [1mSELECT  "users".* FROM "users"   ORDER BY "users"."id" ASC LIMIT 1 OFFSET 1[0m
  [1m[35mContact Load (0.1ms)[0m  SELECT "contacts".* FROM "contacts" INNER JOIN "contact_shares" ON "contacts"."id" = "contact_shares"."contact_id" WHERE "contact_shares"."user_id" = ?  [["user_id", 2]]
  [1m[36m (0.1ms)[0m  [1mbegin transaction[0m
  [1m[35mContact Exists (0.2ms)[0m  SELECT  1 AS one FROM "contacts"  WHERE ("contacts"."email" = 'pjax@knicks.com' AND "contacts"."user_id" = 1) LIMIT 1
  [1m[36mSQL (0.4ms)[0m  [1mINSERT INTO "contacts" ("created_at", "email", "name", "updated_at", "user_id") VALUES (?, ?, ?, ?, ?)[0m  [["created_at", "2014-08-25 22:55:05.802334"], ["email", "pjax@knicks.com"], ["name", "Phil Jackson"], ["updated_at", "2014-08-25 22:55:05.802334"], ["user_id", 1]]
  [1m[35m (1.6ms)[0m  commit transaction
  [1m[36mUser Load (0.3ms)[0m  [1mSELECT  "users".* FROM "users"   ORDER BY "users"."id" ASC LIMIT 1[0m
  [1m[35mContact Load (0.1ms)[0m  SELECT "contacts".* FROM "contacts"  WHERE "contacts"."user_id" = ?  [["user_id", 1]]
  [1m[36m (0.1ms)[0m  [1mbegin transaction[0m
  [1m[35mContactShare Exists (0.2ms)[0m  SELECT  1 AS one FROM "contact_shares"  WHERE ("contact_shares"."user_id" = 3 AND "contact_shares"."contact_id" = 2) LIMIT 1
  [1m[36mSQL (0.3ms)[0m  [1mINSERT INTO "contact_shares" ("contact_id", "created_at", "updated_at", "user_id") VALUES (?, ?, ?, ?)[0m  [["contact_id", 2], ["created_at", "2014-08-25 22:56:44.840050"], ["updated_at", "2014-08-25 22:56:44.840050"], ["user_id", 3]]
  [1m[35m (1.8ms)[0m  commit transaction
  [1m[36mUser Load (0.3ms)[0m  [1mSELECT  "users".* FROM "users"   ORDER BY "users"."id" DESC LIMIT 1[0m
  [1m[35mContact Load (0.1ms)[0m  SELECT "contacts".* FROM "contacts" INNER JOIN "contact_shares" ON "contacts"."id" = "contact_shares"."contact_id" WHERE "contact_shares"."user_id" = ?  [["user_id", 3]]
  [1m[36m (0.1ms)[0m  [1mbegin transaction[0m
  [1m[35mContactShare Exists (0.2ms)[0m  SELECT  1 AS one FROM "contact_shares"  WHERE ("contact_shares"."user_id" = 3 AND "contact_shares"."contact_id" = 2) LIMIT 1
  [1m[36m (0.1ms)[0m  [1mrollback transaction[0m
  [1m[36mUser Load (4.6ms)[0m  [1mSELECT "users".* FROM "users"[0m
  [1m[35mContact Load (0.3ms)[0m  SELECT "contacts".* FROM "contacts"
  [1m[36mContactShare Load (0.2ms)[0m  [1mSELECT "contact_shares".* FROM "contact_shares"[0m


Started GET "/users.html" for 127.0.0.1 at 2014-08-25 16:41:52 -0700
  [1m[36mActiveRecord::SchemaMigration Load (0.1ms)[0m  [1mSELECT "schema_migrations".* FROM "schema_migrations"[0m
Processing by UsersController#index as HTML
  [1m[35mUser Load (0.2ms)[0m  SELECT "users".* FROM "users"
Completed 200 OK in 58ms (Views: 4.3ms | ActiveRecord: 0.4ms)


Started GET "/users/1.html" for 127.0.0.1 at 2014-08-25 16:43:42 -0700
Processing by UsersController#show as HTML
  Parameters: {"id"=>"1"}
  [1m[36mUser Load (0.2ms)[0m  [1mSELECT  "users".* FROM "users"  WHERE "users"."id" = ? LIMIT 1[0m  [["id", 1]]
Completed 200 OK in 2ms (Views: 0.4ms | ActiveRecord: 0.2ms)


Started POST "/users.html" for 127.0.0.1 at 2014-08-25 16:45:58 -0700
Processing by UsersController#create as HTML
  Parameters: {"user"=>{"username"=>"Dennis Rodman"}}
  [1m[35m (0.1ms)[0m  begin transaction
  [1m[36mUser Exists (0.2ms)[0m  [1mSELECT  1 AS one FROM "users"  WHERE "users"."username" = 'Dennis Rodman' LIMIT 1[0m
  [1m[35mSQL (0.6ms)[0m  INSERT INTO "users" ("created_at", "updated_at", "username") VALUES (?, ?, ?)  [["created_at", "2014-08-25 23:45:58.795928"], ["updated_at", "2014-08-25 23:45:58.795928"], ["username", "Dennis Rodman"]]
  [1m[36m (1.2ms)[0m  [1mcommit transaction[0m
Completed 200 OK in 42ms (Views: 0.5ms | ActiveRecord: 2.0ms)
  [1m[36mUser Load (3.6ms)[0m  [1mSELECT "users".* FROM "users"[0m


Started PATCH "/users/4.html" for 127.0.0.1 at 2014-08-25 16:50:20 -0700
Processing by UsersController#update as HTML
  Parameters: {"user"=>{"username"=>"Dennis The Menace"}, "id"=>"4"}
  [1m[35mUser Load (0.1ms)[0m  SELECT  "users".* FROM "users"  WHERE "users"."id" = ? LIMIT 1  [["id", 4]]
  [1m[36m (0.1ms)[0m  [1mbegin transaction[0m
  [1m[35mUser Exists (0.2ms)[0m  SELECT  1 AS one FROM "users"  WHERE ("users"."username" = 'Dennis The Menace' AND "users"."id" != 4) LIMIT 1
  [1m[36mSQL (0.3ms)[0m  [1mUPDATE "users" SET "updated_at" = ?, "username" = ? WHERE "users"."id" = 4[0m  [["updated_at", "2014-08-25 23:50:20.642450"], ["username", "Dennis The Menace"]]
  [1m[35m (1.6ms)[0m  commit transaction
Completed 200 OK in 22ms (Views: 0.5ms | ActiveRecord: 2.8ms)
  [1m[36mUser Load (2.7ms)[0m  [1mSELECT "users".* FROM "users"[0m


Started PATCH "/users/4.html" for 127.0.0.1 at 2014-08-25 16:51:03 -0700
Processing by UsersController#update as HTML
  Parameters: {"user"=>{"username"=>"Dennis Rodman"}, "id"=>"4"}
  [1m[36mUser Load (0.2ms)[0m  [1mSELECT  "users".* FROM "users"  WHERE "users"."id" = ? LIMIT 1[0m  [["id", 4]]
  [1m[35m (0.0ms)[0m  begin transaction
  [1m[36mUser Exists (0.2ms)[0m  [1mSELECT  1 AS one FROM "users"  WHERE ("users"."username" = 'Dennis Rodman' AND "users"."id" != 4) LIMIT 1[0m
  [1m[35mSQL (0.3ms)[0m  UPDATE "users" SET "updated_at" = ?, "username" = ? WHERE "users"."id" = 4  [["updated_at", "2014-08-25 23:51:03.623108"], ["username", "Dennis Rodman"]]
  [1m[36m (5.6ms)[0m  [1mcommit transaction[0m
Completed 200 OK in 22ms (Views: 0.5ms | ActiveRecord: 6.7ms)


Started DELETE "/users/4.html" for 127.0.0.1 at 2014-08-25 16:51:49 -0700
Processing by UsersController#destroy as HTML
  Parameters: {"id"=>"4"}
  [1m[35mUser Load (0.2ms)[0m  SELECT  "users".* FROM "users"  WHERE "users"."id" = ? LIMIT 1  [["id", 4]]
  [1m[36m (0.1ms)[0m  [1mbegin transaction[0m
  [1m[35mContact Load (0.2ms)[0m  SELECT "contacts".* FROM "contacts"  WHERE "contacts"."user_id" = ?  [["user_id", 4]]
  [1m[36mContactShare Load (0.1ms)[0m  [1mSELECT "contact_shares".* FROM "contact_shares"  WHERE "contact_shares"."user_id" = ?[0m  [["user_id", 4]]
  [1m[35mSQL (0.2ms)[0m  DELETE FROM "users" WHERE "users"."id" = ?  [["id", 4]]
  [1m[36m (1.3ms)[0m  [1mcommit transaction[0m
Completed 200 OK in 91ms (Views: 0.5ms | ActiveRecord: 2.2ms)
  [1m[36mUser Load (3.0ms)[0m  [1mSELECT "users".* FROM "users"[0m
  [1m[35mContact Load (0.2ms)[0m  SELECT "contacts".* FROM "contacts"
  [1m[36mUser Load (0.2ms)[0m  [1mSELECT  "users".* FROM "users"   ORDER BY "users"."id" ASC LIMIT 1[0m
  [1m[35m (0.1ms)[0m  begin transaction
  [1m[36mContact Load (0.4ms)[0m  [1mSELECT "contacts".* FROM "contacts"  WHERE "contacts"."user_id" = ?[0m  [["user_id", 1]]
  [1m[35mContactShare Load (0.2ms)[0m  SELECT "contact_shares".* FROM "contact_shares"  WHERE "contact_shares"."contact_id" = ?  [["contact_id", 1]]
  [1m[36mSQL (0.4ms)[0m  [1mDELETE FROM "contact_shares" WHERE "contact_shares"."id" = ?[0m  [["id", 1]]
  [1m[35mSQL (0.2ms)[0m  DELETE FROM "contacts" WHERE "contacts"."id" = ?  [["id", 1]]
  [1m[36mContactShare Load (0.0ms)[0m  [1mSELECT "contact_shares".* FROM "contact_shares"  WHERE "contact_shares"."contact_id" = ?[0m  [["contact_id", 2]]
  [1m[35mSQL (0.0ms)[0m  DELETE FROM "contact_shares" WHERE "contact_shares"."id" = ?  [["id", 2]]
  [1m[36mSQL (0.0ms)[0m  [1mDELETE FROM "contacts" WHERE "contacts"."id" = ?[0m  [["id", 2]]
  [1m[35mContactShare Load (0.1ms)[0m  SELECT "contact_shares".* FROM "contact_shares"  WHERE "contact_shares"."user_id" = ?  [["user_id", 1]]
  [1m[36mSQL (0.1ms)[0m  [1mDELETE FROM "users" WHERE "users"."id" = ?[0m  [["id", 1]]
  [1m[35m (1.4ms)[0m  commit transaction
  [1m[36mContact Load (0.2ms)[0m  [1mSELECT "contacts".* FROM "contacts"[0m
  [1m[35mContactShare Load (0.2ms)[0m  SELECT "contact_shares".* FROM "contact_shares"


Started POST "/contacts.html" for 127.0.0.1 at 2014-08-25 16:56:31 -0700
Processing by ContactsController#create as HTML
  Parameters: {"contact"=>{"name"=>"Dennis Rodman", "email"=>"drod@spurs.com", "user_id"=>"2"}}
  [1m[35m (0.1ms)[0m  begin transaction
  [1m[36mContact Exists (0.2ms)[0m  [1mSELECT  1 AS one FROM "contacts"  WHERE ("contacts"."email" = 'drod@spurs.com' AND "contacts"."user_id" = 2) LIMIT 1[0m
  [1m[35mSQL (0.3ms)[0m  INSERT INTO "contacts" ("created_at", "email", "name", "updated_at", "user_id") VALUES (?, ?, ?, ?, ?)  [["created_at", "2014-08-25 23:56:31.054431"], ["email", "drod@spurs.com"], ["name", "Dennis Rodman"], ["updated_at", "2014-08-25 23:56:31.054431"], ["user_id", 2]]
  [1m[36m (1.7ms)[0m  [1mcommit transaction[0m
Completed 500 Internal Server Error in 14ms

NameError (undefined local variable or method `contact' for #<ContactsController:0x007f9edee5a9a0>):
  app/controllers/contacts_controller.rb:11:in `create'


  Rendered /Users/appacademy/.rbenv/versions/1.9.3-p545/lib/ruby/gems/1.9.1/gems/actionpack-4.1.1/lib/action_dispatch/middleware/templates/rescues/_source.erb (0.7ms)
  Rendered /Users/appacademy/.rbenv/versions/1.9.3-p545/lib/ruby/gems/1.9.1/gems/actionpack-4.1.1/lib/action_dispatch/middleware/templates/rescues/_trace.html.erb (1.1ms)
  Rendered /Users/appacademy/.rbenv/versions/1.9.3-p545/lib/ruby/gems/1.9.1/gems/actionpack-4.1.1/lib/action_dispatch/middleware/templates/rescues/_request_and_response.html.erb (0.9ms)
  Rendered /Users/appacademy/.rbenv/versions/1.9.3-p545/lib/ruby/gems/1.9.1/gems/actionpack-4.1.1/lib/action_dispatch/middleware/templates/rescues/diagnostics.erb within rescues/layout (22.6ms)


Started POST "/contacts.html" for 127.0.0.1 at 2014-08-25 16:57:33 -0700
Processing by ContactsController#create as HTML
  Parameters: {"contact"=>{"name"=>"Dennis Rodman", "email"=>"drod@spurs.com", "user_id"=>"2"}}
  [1m[35m (0.2ms)[0m  begin transaction
  [1m[36mContact Exists (0.2ms)[0m  [1mSELECT  1 AS one FROM "contacts"  WHERE ("contacts"."email" = 'drod@spurs.com' AND "contacts"."user_id" = 2) LIMIT 1[0m
  [1m[35m (0.1ms)[0m  rollback transaction
Completed 422 Unprocessable Entity in 76ms

ActiveRecord::RecordInvalid (Validation failed: Email has already been taken):
  app/controllers/contacts_controller.rb:10:in `create'


  Rendered /Users/appacademy/.rbenv/versions/1.9.3-p545/lib/ruby/gems/1.9.1/gems/actionpack-4.1.1/lib/action_dispatch/middleware/templates/rescues/_source.erb (0.6ms)
  Rendered /Users/appacademy/.rbenv/versions/1.9.3-p545/lib/ruby/gems/1.9.1/gems/actionpack-4.1.1/lib/action_dispatch/middleware/templates/rescues/_trace.html.erb (1.0ms)
  Rendered /Users/appacademy/.rbenv/versions/1.9.3-p545/lib/ruby/gems/1.9.1/gems/actionpack-4.1.1/lib/action_dispatch/middleware/templates/rescues/_request_and_response.html.erb (0.9ms)
  Rendered /Users/appacademy/.rbenv/versions/1.9.3-p545/lib/ruby/gems/1.9.1/gems/actionpack-4.1.1/lib/action_dispatch/middleware/templates/rescues/diagnostics.erb within rescues/layout (14.2ms)
  [1m[36mContact Load (3.2ms)[0m  [1mSELECT "contacts".* FROM "contacts"[0m
  [1m[35mContact Load (0.2ms)[0m  SELECT  "contacts".* FROM "contacts"   ORDER BY "contacts"."id" ASC LIMIT 1
  [1m[36m (0.1ms)[0m  [1mbegin transaction[0m
  [1m[35mContactShare Load (0.4ms)[0m  SELECT "contact_shares".* FROM "contact_shares"  WHERE "contact_shares"."contact_id" = ?  [["contact_id", 3]]
  [1m[36mSQL (0.5ms)[0m  [1mDELETE FROM "contacts" WHERE "contacts"."id" = ?[0m  [["id", 3]]
  [1m[35m (1.7ms)[0m  commit transaction


Started POST "/contacts.html" for 127.0.0.1 at 2014-08-25 16:58:24 -0700
Processing by ContactsController#create as HTML
  Parameters: {"contact"=>{"name"=>"Dennis Rodman", "email"=>"drod@spurs.com", "user_id"=>"2"}}
  [1m[36m (0.1ms)[0m  [1mbegin transaction[0m
  [1m[35mContact Exists (0.1ms)[0m  SELECT  1 AS one FROM "contacts"  WHERE ("contacts"."email" = 'drod@spurs.com' AND "contacts"."user_id" = 2) LIMIT 1
  [1m[36mSQL (1.7ms)[0m  [1mINSERT INTO "contacts" ("created_at", "email", "name", "updated_at", "user_id") VALUES (?, ?, ?, ?, ?)[0m  [["created_at", "2014-08-25 23:58:24.068704"], ["email", "drod@spurs.com"], ["name", "Dennis Rodman"], ["updated_at", "2014-08-25 23:58:24.068704"], ["user_id", 2]]
  [1m[35m (1.6ms)[0m  commit transaction
Completed 200 OK in 7ms (Views: 0.4ms | ActiveRecord: 3.5ms)


Started GET "/contacts.html" for 127.0.0.1 at 2014-08-25 16:58:56 -0700
Processing by ContactsController#index as HTML
  [1m[36mContact Load (0.2ms)[0m  [1mSELECT "contacts".* FROM "contacts"[0m
Completed 200 OK in 1ms (Views: 0.8ms | ActiveRecord: 0.2ms)


Started GET "/contacts/4.html" for 127.0.0.1 at 2014-08-25 16:59:25 -0700
Processing by ContactsController#show as HTML
  Parameters: {"id"=>"4"}
  [1m[35mContact Load (0.2ms)[0m  SELECT  "contacts".* FROM "contacts"  WHERE "contacts"."id" = ? LIMIT 1  [["id", 4]]
Completed 200 OK in 1ms (Views: 0.4ms | ActiveRecord: 0.2ms)


Started PATCH "/contacts/4.html" for 127.0.0.1 at 2014-08-25 16:59:37 -0700
Processing by ContactsController#update as HTML
  Parameters: {"contact"=>{"name"=>"Dennis the Meance", "email"=>"drod@NBAHOF.com", "user_id"=>"3"}, "id"=>"4"}
  [1m[36mContact Load (0.1ms)[0m  [1mSELECT  "contacts".* FROM "contacts"  WHERE "contacts"."id" = ? LIMIT 1[0m  [["id", 4]]
  [1m[35m (0.1ms)[0m  begin transaction
  [1m[36mContact Exists (0.1ms)[0m  [1mSELECT  1 AS one FROM "contacts"  WHERE ("contacts"."email" = 'drod@NBAHOF.com' AND "contacts"."id" != 4 AND "contacts"."user_id" = 3) LIMIT 1[0m
  [1m[35mSQL (0.3ms)[0m  UPDATE "contacts" SET "email" = ?, "name" = ?, "updated_at" = ?, "user_id" = ? WHERE "contacts"."id" = 4  [["email", "drod@NBAHOF.com"], ["name", "Dennis the Meance"], ["updated_at", "2014-08-25 23:59:37.753675"], ["user_id", 3]]
  [1m[36m (5.5ms)[0m  [1mcommit transaction[0m
Completed 200 OK in 9ms (Views: 0.4ms | ActiveRecord: 6.1ms)


Started DELETE "/contacts/4.html" for 127.0.0.1 at 2014-08-25 16:59:57 -0700
Processing by ContactsController#destroy as HTML
  Parameters: {"id"=>"4"}
  [1m[35mContact Load (0.1ms)[0m  SELECT  "contacts".* FROM "contacts"  WHERE "contacts"."id" = ? LIMIT 1  [["id", 4]]
  [1m[36m (0.1ms)[0m  [1mbegin transaction[0m
  [1m[35mContactShare Load (0.1ms)[0m  SELECT "contact_shares".* FROM "contact_shares"  WHERE "contact_shares"."contact_id" = ?  [["contact_id", 4]]
  [1m[36mSQL (0.3ms)[0m  [1mDELETE FROM "contacts" WHERE "contacts"."id" = ?[0m  [["id", 4]]
  [1m[35m (5.8ms)[0m  commit transaction
Completed 200 OK in 12ms (Views: 0.6ms | ActiveRecord: 6.5ms)
  [1m[36mContact Load (2.1ms)[0m  [1mSELECT "contacts".* FROM "contacts"[0m


Started POST "/contacts.html" for 127.0.0.1 at 2014-08-25 17:07:14 -0700
Processing by ContactsController#create as HTML
  Parameters: {"contact"=>{"name"=>"Dennis Rodman", "email"=>"drod@spurs.com", "user_id"=>"2"}}
Completed 500 Internal Server Error in 3ms

NoMethodError (undefined method `permit' for nil:NilClass):
  app/controllers/contacts_controller.rb:44:in `contact_share_params'
  app/controllers/contacts_controller.rb:8:in `create'


  Rendered /Users/appacademy/.rbenv/versions/1.9.3-p545/lib/ruby/gems/1.9.1/gems/actionpack-4.1.1/lib/action_dispatch/middleware/templates/rescues/_source.erb (0.7ms)
  Rendered /Users/appacademy/.rbenv/versions/1.9.3-p545/lib/ruby/gems/1.9.1/gems/actionpack-4.1.1/lib/action_dispatch/middleware/templates/rescues/_trace.html.erb (1.0ms)
  Rendered /Users/appacademy/.rbenv/versions/1.9.3-p545/lib/ruby/gems/1.9.1/gems/actionpack-4.1.1/lib/action_dispatch/middleware/templates/rescues/_request_and_response.html.erb (1.6ms)
  Rendered /Users/appacademy/.rbenv/versions/1.9.3-p545/lib/ruby/gems/1.9.1/gems/actionpack-4.1.1/lib/action_dispatch/middleware/templates/rescues/diagnostics.erb within rescues/layout (16.2ms)


Started POST "/contacts.html" for 127.0.0.1 at 2014-08-25 17:07:48 -0700
Processing by ContactsController#create as HTML
  Parameters: {"contact"=>{"name"=>"Dennis Rodman", "email"=>"drod@spurs.com", "user_id"=>"2"}}
Completed 500 Internal Server Error in 0ms

NoMethodError (undefined method `permit' for nil:NilClass):
  app/controllers/contacts_controller.rb:44:in `contact_share_params'
  app/controllers/contacts_controller.rb:8:in `create'


  Rendered /Users/appacademy/.rbenv/versions/1.9.3-p545/lib/ruby/gems/1.9.1/gems/actionpack-4.1.1/lib/action_dispatch/middleware/templates/rescues/_source.erb (0.5ms)
  Rendered /Users/appacademy/.rbenv/versions/1.9.3-p545/lib/ruby/gems/1.9.1/gems/actionpack-4.1.1/lib/action_dispatch/middleware/templates/rescues/_trace.html.erb (0.9ms)
  Rendered /Users/appacademy/.rbenv/versions/1.9.3-p545/lib/ruby/gems/1.9.1/gems/actionpack-4.1.1/lib/action_dispatch/middleware/templates/rescues/_request_and_response.html.erb (0.8ms)
  Rendered /Users/appacademy/.rbenv/versions/1.9.3-p545/lib/ruby/gems/1.9.1/gems/actionpack-4.1.1/lib/action_dispatch/middleware/templates/rescues/diagnostics.erb within rescues/layout (13.8ms)
  [1m[36mUser Load (2.3ms)[0m  [1mSELECT "users".* FROM "users"[0m
  [1m[35mContact Load (0.2ms)[0m  SELECT "contacts".* FROM "contacts"
  [1m[36mUser Load (0.2ms)[0m  [1mSELECT  "users".* FROM "users"   ORDER BY "users"."id" ASC LIMIT 1[0m
  [1m[35mContact Load (0.3ms)[0m  SELECT "contacts".* FROM "contacts"  WHERE "contacts"."user_id" = ?  [["user_id", 2]]
  [1m[36m (0.1ms)[0m  [1mbegin transaction[0m
  [1m[35mContact Exists (0.2ms)[0m  SELECT  1 AS one FROM "contacts"  WHERE ("contacts"."email" = 'dr@spurs.com' AND "contacts"."user_id" = 2) LIMIT 1
  [1m[36mSQL (0.6ms)[0m  [1mINSERT INTO "contacts" ("created_at", "email", "name", "updated_at", "user_id") VALUES (?, ?, ?, ?, ?)[0m  [["created_at", "2014-08-26 00:10:27.343589"], ["email", "dr@spurs.com"], ["name", "Dennis Rodman"], ["updated_at", "2014-08-26 00:10:27.343589"], ["user_id", 2]]
  [1m[35m (5.7ms)[0m  commit transaction
  [1m[36mContact Load (0.3ms)[0m  [1mSELECT "contacts".* FROM "contacts"[0m
  [1m[35m (0.1ms)[0m  begin transaction
  [1m[36mContactShare Exists (0.1ms)[0m  [1mSELECT  1 AS one FROM "contact_shares"  WHERE ("contact_shares"."user_id" = 3 AND "contact_shares"."contact_id" = 5) LIMIT 1[0m
  [1m[35mSQL (0.3ms)[0m  INSERT INTO "contact_shares" ("contact_id", "created_at", "updated_at", "user_id") VALUES (?, ?, ?, ?)  [["contact_id", 5], ["created_at", "2014-08-26 00:11:13.790421"], ["updated_at", "2014-08-26 00:11:13.790421"], ["user_id", 3]]
  [1m[36m (1.7ms)[0m  [1mcommit transaction[0m
  [1m[35mUser Load (0.2ms)[0m  SELECT  "users".* FROM "users"   ORDER BY "users"."id" ASC LIMIT 1 OFFSET 2
  [1m[36mUser Load (0.2ms)[0m  [1mSELECT  "users".* FROM "users"  WHERE "users"."id" = ? LIMIT 1[0m  [["id", 3]]
  [1m[35mContact Load (0.2ms)[0m  SELECT "contacts".* FROM "contacts" INNER JOIN "contact_shares" ON "contacts"."id" = "contact_shares"."contact_id" WHERE "contact_shares"."user_id" = ?  [["user_id", 3]]


Started GET "/users.html" for 127.0.0.1 at 2014-08-25 17:26:53 -0700
Processing by UsersController#index as HTML
  [1m[36mUser Load (0.4ms)[0m  [1mSELECT "users".* FROM "users"[0m
Completed 200 OK in 10ms (Views: 4.4ms | ActiveRecord: 0.6ms)


Started GET "/users/1.html" for 127.0.0.1 at 2014-08-25 17:27:07 -0700
Processing by UsersController#show as HTML
  Parameters: {"id"=>"1"}
  [1m[35mUser Load (0.2ms)[0m  SELECT  "users".* FROM "users"  WHERE "users"."id" = ? LIMIT 1  [["id", 1]]
Completed 404 Not Found in 1ms

ActiveRecord::RecordNotFound (Couldn't find User with 'id'=1):
  app/controllers/users_controller.rb:28:in `show'


  Rendered /Users/appacademy/.rbenv/versions/1.9.3-p545/lib/ruby/gems/1.9.1/gems/actionpack-4.1.1/lib/action_dispatch/middleware/templates/rescues/_source.erb (0.6ms)
  Rendered /Users/appacademy/.rbenv/versions/1.9.3-p545/lib/ruby/gems/1.9.1/gems/actionpack-4.1.1/lib/action_dispatch/middleware/templates/rescues/_trace.html.erb (1.0ms)
  Rendered /Users/appacademy/.rbenv/versions/1.9.3-p545/lib/ruby/gems/1.9.1/gems/actionpack-4.1.1/lib/action_dispatch/middleware/templates/rescues/_request_and_response.html.erb (0.8ms)
  Rendered /Users/appacademy/.rbenv/versions/1.9.3-p545/lib/ruby/gems/1.9.1/gems/actionpack-4.1.1/lib/action_dispatch/middleware/templates/rescues/diagnostics.erb within rescues/layout (14.2ms)
